{"meta": {"format": 3, "version": "7.16.0", "timestamp": "2026-09-07T04:21:45.230797", "branch_coverage": false, "show_contexts": false}, "files": {"src/__init__.py": {"executed_lines": [], "summary": {"covered_lines": 0, "num_statements": 0, "percent_covered": 100.0, "percent_covered_display": "100", "missing_lines": 0, "excluded_lines": 0, "percent_statements_covered": 100.0, "percent_statements_covered_display": "100"}, "missing_lines": [], "excluded_lines": [], "functions": {"": {"executed_lines": [], "summary": {"covered_lines": 0, "num_statements": 0, "percent_covered": 100.0, "percent_covered_display": "100", "missing_lines": 0, "excluded_lines": 0, "percent_statements_covered": 100.0, "percent_statements_covered_display": "100"}, "missing_lines": [], "excluded_lines": [], "start_line": 1}}, "classes": {"": {"executed_lines": [], "summary": {"covered_lines": 0, "num_statements": 0, "percent_covered": 100.0, "percent_covered_display": "100", "missing_lines": 0, "excluded_lines": 0, "percent_statements_covered": 100.0, "percent_statements_covered_display": "100"}, "missing_lines": [], "excluded_lines": [], "start_line": 1}}}, "src/core/__init__.py": {"executed_lines": [], "summary": {"covered_lines": 0, "num_statements": 0, "percent_covered": 100.0, "percent_covered_display": "100", "missing_lines": 0, "excluded_lines": 0, "percent_statements_covered": 100.0, "percent_statements_covered_display": "100"}, "missing_lines": [], "excluded_lines": [], "functions": {"": {"executed_lines": [], "summary": {"covered_lines": 0, "num_statements": 0, "percent_covered": 100.0, "percent_covered_display": "100", "missing_lines": 0, "excluded_lines": 0, "percent_statements_covered": 100.0, "percent_statements_covered_display": "100"}, "missing_lines": [], "excluded_lines": [], "start_line": 1}}, "classes": {"": {"executed_lines": [], "summary": {"covered_lines": 0, "num_statements": 0, "percent_covered": 100.0, "percent_covered_display": "100", "missing_lines": 0, "excluded_lines": 0, "percent_statements_covered": 100.0, "percent_statements_covered_display": "100"}, "missing_lines": [], "excluded_lines": [], "start_line": 1}}}, "src/core/ai.py": {"executed_lines": [4, 5, 6, 7, 8, 9, 12, 16, 17, 19, 20, 21, 26, 27, 29, 34, 35, 41, 42, 46, 51, 55, 57, 62, 65, 67, 73, 77, 92, 106], "summary": {"covered_lines": 30, "num_statements": 54, "percent_covered": 55.55555555555556, "percent_covered_display": "56", "missing_lines": 24, "excluded_lines": 0, "percent_statements_covered": 55.55555555555556, "percent_statements_covered_display": "56"}, "missing_lines": [37, 63, 83, 88, 89, 90, 97, 102, 103, 104, 112, 113, 114, 116, 118, 120, 121, 122, 124, 129, 130, 131, 132, 133], "excluded_lines": [], "functions": {"GeminiThinkingAgent.__init__": {"executed_lines": [20, 21], "summary": {"covered_lines": 2, "num_statements": 2, "percent_covered": 100.0, "percent_covered_display": "100", "missing_lines": 0, "excluded_lines": 0, "percent_statements_covered": 100.0, "percent_statements_covered_display": "100"}, "missing_lines": [], "excluded_lines": [], "start_line": 19}, "GeminiThinkingAgent._primary_config": {"executed_lines": [29], "summary": {"covered_lines": 1, "num_statements": 1, "percent_covered": 100.0, "percent_covered_display": "100", "missing_lines": 0, "excluded_lines": 0, "percent_statements_covered": 100.0, "percent_statements_covered_display": "100"}, "missing_lines": [], "excluded_lines": [], "start_line": 27}, "GeminiThinkingAgent._fallback_config": {"executed_lines": [], "summary": {"covered_lines": 0, "num_statements": 1, "percent_covered": 0.0, "percent_covered_display": "0", "missing_lines": 1, "excluded_lines": 0, "percent_statements_covered": 0.0, "percent_statements_covered_display": "0"}, "missing_lines": [37], "excluded_lines": [], "start_line": 35}, "GeminiThinkingAgent._build_prompt": {"executed_lines": [42, 46, 51, 55], "summary": {"covered_lines": 4, "num_statements": 4, "percent_covered": 100.0, "percent_covered_display": "100", "missing_lines": 0, "excluded_lines": 0, "percent_statements_covered": 100.0, "percent_statements_covered_display": "100"}, "missing_lines": [], "excluded_lines": [], "start_line": 41}, "GeminiThinkingAgent.analyze_semantics": {"executed_lines": [62, 65, 67, 73], "summary": {"covered_lines": 4, "num_statements": 5, "percent_covered": 80.0, "percent_covered_display": "80", "missing_lines": 1, "excluded_lines": 0, "percent_statements_covered": 80.0, "percent_statements_covered_display": "80"}, "missing_lines": [63], "excluded_lines": [], "start_line": 57}, "GeminiThinkingAgent._stream_primary_model": {"executed_lines": [], "summary": {"covered_lines": 0, "num_statements": 4, "percent_covered": 0.0, "percent_covered_display": "0", "missing_lines": 4, "excluded_lines": 0, "percent_statements_covered": 0.0, "percent_statements_covered_display": "0"}, "missing_lines": [83, 88, 89, 90], "excluded_lines": [], "start_line": 77}, "GeminiThinkingAgent._stream_fallback_model": {"executed_lines": [], "summary": {"covered_lines": 0, "num_statements": 4, "percent_covered": 0.0, "percent_covered_display": "0", "missing_lines": 4, "excluded_lines": 0, "percent_statements_covered": 0.0, "percent_statements_covered_display": "0"}, "missing_lines": [97, 102, 103, 104], "excluded_lines": [], "start_line": 92}, "GeminiThinkingAgent.analyze_stream": {"executed_lines": [], "summary": {"covered_lines": 0, "num_statements": 14, "percent_covered": 0.0, "percent_covered_display": "0", "missing_lines": 14, "excluded_lines": 0, "percent_statements_covered": 0.0, "percent_statements_covered_display": "0"}, "missing_lines": [112, 113, 114, 116, 118, 120, 121, 122, 124, 129, 130, 131, 132, 133], "excluded_lines": [], "start_line": 106}, "": {"executed_lines": [4, 5, 6, 7, 8, 9, 12, 16, 17, 19, 26, 27, 34, 35, 41, 57, 77, 92, 106], "summary": {"covered_lines": 19, "num_statements": 19, "percent_covered": 100.0, "percent_covered_display": "100", "missing_lines": 0, "excluded_lines": 0, "percent_statements_covered": 100.0, "percent_statements_covered_display": "100"}, "missing_lines": [], "excluded_lines": [], "start_line": 1}}, "classes": {"GeminiThinkingAgent": {"executed_lines": [20, 21, 29, 42, 46, 51, 55, 62, 65, 67, 73], "summary": {"covered_lines": 11, "num_statements": 35, "percent_covered": 31.428571428571427, "percent_covered_display": "31", "missing_lines": 24, "excluded_lines": 0, "percent_statements_covered": 31.428571428571427, "percent_statements_covered_display": "31"}, "missing_lines": [37, 63, 83, 88, 89, 90, 97, 102, 103, 104, 112, 113, 114, 116, 118, 120, 121, 122, 124, 129, 130, 131, 132, 133], "excluded_lines": [], "start_line": 12}, "": {"executed_lines": [4, 5, 6, 7, 8, 9, 12, 16, 17, 19, 26, 27, 34, 35, 41, 57, 77, 92, 106], "summary": {"covered_lines": 19, "num_statements": 19, "percent_covered": 100.0, "percent_covered_display": "100", "missing_lines": 0, "excluded_lines": 0, "percent_statements_covered": 100.0, "percent_statements_covered_display": "100"}, "missing_lines": [], "excluded_lines": [], "start_line": 1}}}, "src/core/app.py": {"executed_lines": [5, 6, 7, 8, 9, 12, 16, 19, 22, 26, 35, 36, 37, 38, 39, 41, 45, 46, 48, 52, 53, 56, 57, 59, 61, 67, 68, 72, 74, 78, 79, 80, 83, 85, 92, 94, 95, 96, 97, 98, 99, 105, 106, 108, 113, 115, 116, 127, 129, 130, 131, 132, 140, 142, 146, 147, 148, 151, 164, 166, 168, 169, 175, 176, 178, 179, 182, 184], "summary": {"covered_lines": 68, "num_statements": 87, "percent_covered": 78.16091954022988, "percent_covered_display": "78", "missing_lines": 19, "excluded_lines": 0, "percent_statements_covered": 78.16091954022988, "percent_statements_covered_display": "78"}, "missing_lines": [100, 101, 102, 103, 117, 118, 119, 120, 125, 133, 134, 135, 136, 137, 138, 156, 157, 158, 180], "excluded_lines": [], "functions": {"BachataAnalyticsApp.__init__": {"executed_lines": [35, 36, 37, 38, 39], "summary": {"covered_lines": 5, "num_statements": 5, "percent_covered": 100.0, "percent_covered_display": "100", "missing_lines": 0, "excluded_lines": 0, "percent_statements_covered": 100.0, "percent_statements_covered_display": "100"}, "missing_lines": [], "excluded_lines": [], "start_line": 26}, "BachataAnalyticsApp.ingest_data": {"executed_lines": [45, 46], "summary": {"covered_lines": 2, "num_statements": 2, "percent_covered": 100.0, "percent_covered_display": "100", "missing_lines": 0, "excluded_lines": 0, "percent_statements_covered": 100.0, "percent_statements_covered_display": "100"}, "missing_lines": [], "excluded_lines": [], "start_line": 41}, "BachataAnalyticsApp.detect_outliers": {"executed_lines": [52, 53, 56, 57, 59], "summary": {"covered_lines": 5, "num_statements": 5, "percent_covered": 100.0, "percent_covered_display": "100", "missing_lines": 0, "excluded_lines": 0, "percent_statements_covered": 100.0, "percent_statements_covered_display": "100"}, "missing_lines": [], "excluded_lines": [], "start_line": 48}, "BachataAnalyticsApp._prepare_agent_input": {"executed_lines": [67, 68, 72], "summary": {"covered_lines": 3, "num_statements": 3, "percent_covered": 100.0, "percent_covered_display": "100", "missing_lines": 0, "excluded_lines": 0, "percent_statements_covered": 100.0, "percent_statements_covered_display": "100"}, "missing_lines": [], "excluded_lines": [], "start_line": 61}, "BachataAnalyticsApp._display_anomalies": {"executed_lines": [78, 79, 80, 83], "summary": {"covered_lines": 4, "num_statements": 4, "percent_covered": 100.0, "percent_covered_display": "100", "missing_lines": 0, "excluded_lines": 0, "percent_statements_covered": 100.0, "percent_statements_covered_display": "100"}, "missing_lines": [], "excluded_lines": [], "start_line": 74}, "BachataAnalyticsApp._stream_with_capture": {"executed_lines": [92, 94, 105, 106], "summary": {"covered_lines": 4, "num_statements": 4, "percent_covered": 100.0, "percent_covered_display": "100", "missing_lines": 0, "excluded_lines": 0, "percent_statements_covered": 100.0, "percent_statements_covered_display": "100"}, "missing_lines": [], "excluded_lines": [], "start_line": 85}, "BachataAnalyticsApp._stream_with_capture._wrapper": {"executed_lines": [95, 96, 97, 98, 99], "summary": {"covered_lines": 5, "num_statements": 9, "percent_covered": 55.55555555555556, "percent_covered_display": "56", "missing_lines": 4, "excluded_lines": 0, "percent_statements_covered": 55.55555555555556, "percent_statements_covered_display": "56"}, "missing_lines": [100, 101, 102, 103], "excluded_lines": [], "start_line": 94}, "BachataAnalyticsApp._run_gemini_analysis": {"executed_lines": [113, 115, 116, 127, 129, 130, 131, 132, 140], "summary": {"covered_lines": 9, "num_statements": 20, "percent_covered": 45.0, "percent_covered_display": "45", "missing_lines": 11, "excluded_lines": 0, "percent_statements_covered": 45.0, "percent_statements_covered_display": "45"}, "missing_lines": [117, 118, 119, 120, 125, 133, 134, 135, 136, 137, 138], "excluded_lines": [], "start_line": 108}, "BachataAnalyticsApp._generate_report": {"executed_lines": [146, 147, 148, 151], "summary": {"covered_lines": 4, "num_statements": 7, "percent_covered": 57.142857142857146, "percent_covered_display": "57", "missing_lines": 3, "excluded_lines": 0, "percent_statements_covered": 57.142857142857146, "percent_statements_covered_display": "57"}, "missing_lines": [156, 157, 158], "excluded_lines": [], "start_line": 142}, "BachataAnalyticsApp.run": {"executed_lines": [166, 168, 169, 175, 176, 178, 179, 182, 184], "summary": {"covered_lines": 9, "num_statements": 10, "percent_covered": 90.0, "percent_covered_display": "90", "missing_lines": 1, "excluded_lines": 0, "percent_statements_covered": 90.0, "percent_statements_covered_display": "90"}, "missing_lines": [180], "excluded_lines": [], "start_line": 164}, "": {"executed_lines": [5, 6, 7, 8, 9, 12, 16, 19, 22, 26, 41, 48, 61, 74, 85, 108, 142, 164], "summary": {"covered_lines": 18, "num_statements": 18, "percent_covered": 100.0, "percent_covered_display": "100", "missing_lines": 0, "excluded_lines": 0, "percent_statements_covered": 100.0, "percent_statements_covered_display": "100"}, "missing_lines": [], "excluded_lines": [], "start_line": 1}}, "classes": {"BachataAnalyticsApp": {"executed_lines": [35, 36, 37, 38, 39, 45, 46, 52, 53, 56, 57, 59, 67, 68, 72, 78, 79, 80, 83, 92, 94, 95, 96, 97, 98, 99, 105, 106, 113, 115, 116, 127, 129, 130, 131, 132, 140, 146, 147, 148, 151, 166, 168, 169, 175, 176, 178, 179, 182, 184], "summary": {"covered_lines": 50, "num_statements": 69, "percent_covered": 72.46376811594203, "percent_covered_display": "72", "missing_lines": 19, "excluded_lines": 0, "percent_statements_covered": 72.46376811594203, "percent_statements_covered_display": "72"}, "missing_lines": [100, 101, 102, 103, 117, 118, 119, 120, 125, 133, 134, 135, 136, 137, 138, 156, 157, 158, 180], "excluded_lines": [], "start_line": 22}, "": {"executed_lines": [5, 6, 7, 8, 9, 12, 16, 19, 22, 26, 41, 48, 61, 74, 85, 108, 142, 164], "summary": {"covered_lines": 18, "num_statements": 18, "percent_covered": 100.0, "percent_covered_display": "100", "missing_lines": 0, "excluded_lines": 0, "percent_statements_covered": 100.0, "percent_statements_covered_display": "100"}, "missing_lines": [], "excluded_lines": [], "start_line": 1}}}, "src/core/caching.py": {"executed_lines": [5, 6, 7, 8, 9, 10, 11, 12, 13, 15, 18, 20, 23, 28, 29, 30, 31, 32, 33, 34, 36, 38, 39, 41, 43, 44, 45, 46, 50, 52, 54, 55, 56, 63, 67, 68, 69, 71, 74, 80, 82, 86, 87, 88, 89, 90, 92, 93, 94, 95, 97, 105, 106, 108, 109, 112, 113, 114, 115, 117, 118, 120, 121, 122, 123, 124, 127, 131], "summary": {"covered_lines": 68, "num_statements": 73, "percent_covered": 93.15068493150685, "percent_covered_display": "93", "missing_lines": 5, "excluded_lines": 0, "percent_statements_covered": 93.15068493150685, "percent_statements_covered_display": "93"}, "missing_lines": [47, 48, 49, 57, 58], "excluded_lines": [], "functions": {"FileCacheBackend.__init__": {"executed_lines": [29, 30, 31, 32, 33, 34], "summary": {"covered_lines": 6, "num_statements": 6, "percent_covered": 100.0, "percent_covered_display": "100", "missing_lines": 0, "excluded_lines": 0, "percent_statements_covered": 100.0, "percent_statements_covered_display": "100"}, "missing_lines": [], "excluded_lines": [], "start_line": 28}, "FileCacheBackend._get_filepath": {"executed_lines": [38, 39], "summary": {"covered_lines": 2, "num_statements": 2, "percent_covered": 100.0, "percent_covered_display": "100", "missing_lines": 0, "excluded_lines": 0, "percent_statements_covered": 100.0, "percent_statements_covered_display": "100"}, "missing_lines": [], "excluded_lines": [], "start_line": 36}, "FileCacheBackend.get": {"executed_lines": [43, 44, 45, 46, 50], "summary": {"covered_lines": 5, "num_statements": 8, "percent_covered": 62.5, "percent_covered_display": "62", "missing_lines": 3, "excluded_lines": 0, "percent_statements_covered": 62.5, "percent_statements_covered_display": "62"}, "missing_lines": [47, 48, 49], "excluded_lines": [], "start_line": 41}, "FileCacheBackend.set": {"executed_lines": [54, 55, 56], "summary": {"covered_lines": 3, "num_statements": 5, "percent_covered": 60.0, "percent_covered_display": "60", "missing_lines": 2, "excluded_lines": 0, "percent_statements_covered": 60.0, "percent_statements_covered_display": "60"}, "missing_lines": [57, 58], "excluded_lines": [], "start_line": 52}, "CachedAIService.__init__": {"executed_lines": [68, 69], "summary": {"covered_lines": 2, "num_statements": 2, "percent_covered": 100.0, "percent_covered_display": "100", "missing_lines": 0, "excluded_lines": 0, "percent_statements_covered": 100.0, "percent_statements_covered_display": "100"}, "missing_lines": [], "excluded_lines": [], "start_line": 67}, "CachedAIService._generate_key": {"executed_lines": [74, 80], "summary": {"covered_lines": 2, "num_statements": 2, "percent_covered": 100.0, "percent_covered_display": "100", "missing_lines": 0, "excluded_lines": 0, "percent_statements_covered": 100.0, "percent_statements_covered_display": "100"}, "missing_lines": [], "excluded_lines": [], "start_line": 71}, "CachedAIService.analyze_semantics": {"executed_lines": [86, 87, 88, 89, 90, 92, 93, 94, 95], "summary": {"covered_lines": 9, "num_statements": 9, "percent_covered": 100.0, "percent_covered_display": "100", "missing_lines": 0, "excluded_lines": 0, "percent_statements_covered": 100.0, "percent_statements_covered_display": "100"}, "missing_lines": [], "excluded_lines": [], "start_line": 82}, "CachedAIService.analyze_stream": {"executed_lines": [105, 106, 108, 109, 112, 113, 114, 115, 117, 118, 120, 121, 122, 123, 124, 127, 131], "summary": {"covered_lines": 17, "num_statements": 17, "percent_covered": 100.0, "percent_covered_display": "100", "missing_lines": 0, "excluded_lines": 0, "percent_statements_covered": 100.0, "percent_statements_covered_display": "100"}, "missing_lines": [], "excluded_lines": [], "start_line": 97}, "": {"executed_lines": [5, 6, 7, 8, 9, 10, 11, 12, 13, 15, 18, 20, 23, 28, 36, 41, 52, 63, 67, 71, 82, 97], "summary": {"covered_lines": 22, "num_statements": 22, "percent_covered": 100.0, "percent_covered_display": "100", "missing_lines": 0, "excluded_lines": 0, "percent_statements_covered": 100.0, "percent_statements_covered_display": "100"}, "missing_lines": [], "excluded_lines": [], "start_line": 1}}, "classes": {"CacheError": {"executed_lines": [], "summary": {"covered_lines": 0, "num_statements": 0, "percent_covered": 100.0, "percent_covered_display": "100", "missing_lines": 0, "excluded_lines": 0, "percent_statements_covered": 100.0, "percent_statements_covered_display": "100"}, "missing_lines": [], "excluded_lines": [], "start_line": 18}, "FileCacheBackend": {"executed_lines": [29, 30, 31, 32, 33, 34, 38, 39, 43, 44, 45, 46, 50, 54, 55, 56], "summary": {"covered_lines": 16, "num_statements": 21, "percent_covered": 76.19047619047619, "percent_covered_display": "76", "missing_lines": 5, "excluded_lines": 0, "percent_statements_covered": 76.19047619047619, "percent_statements_covered_display": "76"}, "missing_lines": [47, 48, 49, 57, 58], "excluded_lines": [], "start_line": 23}, "CachedAIService": {"executed_lines": [68, 69, 74, 80, 86, 87, 88, 89, 90, 92, 93, 94, 95, 105, 106, 108, 109, 112, 113, 114, 115, 117, 118, 120, 121, 122, 123, 124, 127, 131], "summary": {"covered_lines": 30, "num_statements": 30, "percent_covered": 100.0, "percent_covered_display": "100", "missing_lines": 0, "excluded_lines": 0, "percent_statements_covered": 100.0, "percent_statements_covered_display": "100"}, "missing_lines": [], "excluded_lines": [], "start_line": 63}, "": {"executed_lines": [5, 6, 7, 8, 9, 10, 11, 12, 13, 15, 18, 20, 23, 28, 36, 41, 52, 63, 67, 71, 82, 97], "summary": {"covered_lines": 22, "num_statements": 22, "percent_covered": 100.0, "percent_covered_display": "100", "missing_lines": 0, "excluded_lines": 0, "percent_statements_covered": 100.0, "percent_statements_covered_display": "100"}, "missing_lines": [], "excluded_lines": [], "start_line": 1}}}, "src/core/charting.py": {"executed_lines": [5, 6, 7, 8, 10, 12, 13, 14, 15, 16, 19, 20, 21, 23, 25, 26, 27, 28, 29, 30, 32, 34, 37, 38, 40, 52, 53, 54, 55, 56, 60, 61, 64, 72, 76, 79, 80, 82, 84, 90, 92], "summary": {"covered_lines": 41, "num_statements": 41, "percent_covered": 100.0, "percent_covered_display": "100", "missing_lines": 0, "excluded_lines": 0, "percent_statements_covered": 100.0, "percent_statements_covered_display": "100"}, "missing_lines": [], "excluded_lines": [], "functions": {"ChartBuilder.__init__": {"executed_lines": [38], "summary": {"covered_lines": 1, "num_statements": 1, "percent_covered": 100.0, "percent_covered_display": "100", "missing_lines": 0, "excluded_lines": 0, "percent_statements_covered": 100.0, "percent_statements_covered_display": "100"}, "missing_lines": [], "excluded_lines": [], "start_line": 37}, "ChartBuilder.add_bar_chart": {"executed_lines": [52, 53, 54, 55, 56, 60, 61, 64, 72, 76, 79, 80, 82, 84, 90, 92], "summary": {"covered_lines": 16, "num_statements": 16, "percent_covered": 100.0, "percent_covered_display": "100", "missing_lines": 0, "excluded_lines": 0, "percent_statements_covered": 100.0, "percent_statements_covered_display": "100"}, "missing_lines": [], "excluded_lines": [], "start_line": 40}, "": {"executed_lines": [5, 6, 7, 8, 10, 12, 13, 14, 15, 16, 19, 20, 21, 23, 25, 26, 27, 28, 29, 30, 32, 34, 37, 40], "summary": {"covered_lines": 24, "num_statements": 24, "percent_covered": 100.0, "percent_covered_display": "100", "missing_lines": 0, "excluded_lines": 0, "percent_statements_covered": 100.0, "percent_statements_covered_display": "100"}, "missing_lines": [], "excluded_lines": [], "start_line": 1}}, "classes": {"ChartDataLocation": {"executed_lines": [], "summary": {"covered_lines": 0, "num_statements": 0, "percent_covered": 100.0, "percent_covered_display": "100", "missing_lines": 0, "excluded_lines": 0, "percent_statements_covered": 100.0, "percent_statements_covered_display": "100"}, "missing_lines": [], "excluded_lines": [], "start_line": 10}, "ChartConfig": {"executed_lines": [], "summary": {"covered_lines": 0, "num_statements": 0, "percent_covered": 100.0, "percent_covered_display": "100", "missing_lines": 0, "excluded_lines": 0, "percent_statements_covered": 100.0, "percent_statements_covered_display": "100"}, "missing_lines": [], "excluded_lines": [], "start_line": 23}, "ChartBuilder": {"executed_lines": [38, 52, 53, 54, 55, 56, 60, 61, 64, 72, 76, 79, 80, 82, 84, 90, 92], "summary": {"covered_lines": 17, "num_statements": 17, "percent_covered": 100.0, "percent_covered_display": "100", "missing_lines": 0, "excluded_lines": 0, "percent_statements_covered": 100.0, "percent_statements_covered_display": "100"}, "missing_lines": [], "excluded_lines": [], "start_line": 34}, "": {"executed_lines": [5, 6, 7, 8, 10, 12, 13, 14, 15, 16, 19, 20, 21, 23, 25, 26, 27, 28, 29, 30, 32, 34, 37, 40], "summary": {"covered_lines": 24, "num_statements": 24, "percent_covered": 100.0, "percent_covered_display": "100", "missing_lines": 0, "excluded_lines": 0, "percent_statements_covered": 100.0, "percent_statements_covered_display": "100"}, "missing_lines": [], "excluded_lines": [], "start_line": 1}}}, "src/core/config.py": {"executed_lines": [5, 6, 7, 8, 9, 12, 15, 17, 22, 26, 30, 34, 39, 44, 45, 49, 50, 57, 58, 59, 61, 63, 64, 65, 67, 71, 73, 79], "summary": {"covered_lines": 28, "num_statements": 30, "percent_covered": 93.33333333333333, "percent_covered_display": "93", "missing_lines": 2, "excluded_lines": 0, "percent_statements_covered": 93.33333333333333, "percent_statements_covered_display": "93"}, "missing_lines": [77, 83], "excluded_lines": [], "functions": {"AppConfig.get_config": {"executed_lines": [49, 50, 57, 58, 59], "summary": {"covered_lines": 5, "num_statements": 5, "percent_covered": 100.0, "percent_covered_display": "100", "missing_lines": 0, "excluded_lines": 0, "percent_statements_covered": 100.0, "percent_statements_covered_display": "100"}, "missing_lines": [], "excluded_lines": [], "start_line": 45}, "AppConfig._require": {"executed_lines": [63, 64, 65], "summary": {"covered_lines": 3, "num_statements": 3, "percent_covered": 100.0, "percent_covered_display": "100", "missing_lines": 0, "excluded_lines": 0, "percent_statements_covered": 100.0, "percent_statements_covered_display": "100"}, "missing_lines": [], "excluded_lines": [], "start_line": 61}, "AppConfig.get_api_key": {"executed_lines": [71], "summary": {"covered_lines": 1, "num_statements": 1, "percent_covered": 100.0, "percent_covered_display": "100", "missing_lines": 0, "excluded_lines": 0, "percent_statements_covered": 100.0, "percent_statements_covered_display": "100"}, "missing_lines": [], "excluded_lines": [], "start_line": 67}, "AppConfig.get_youtube_api_key": {"executed_lines": [], "summary": {"covered_lines": 0, "num_statements": 1, "percent_covered": 0.0, "percent_covered_display": "0", "missing_lines": 1, "excluded_lines": 0, "percent_statements_covered": 0.0, "percent_statements_covered_display": "0"}, "missing_lines": [77], "excluded_lines": [], "start_line": 73}, "AppConfig.get_youtube_channel_id": {"executed_lines": [], "summary": {"covered_lines": 0, "num_statements": 1, "percent_covered": 0.0, "percent_covered_display": "0", "missing_lines": 1, "excluded_lines": 0, "percent_statements_covered": 0.0, "percent_statements_covered_display": "0"}, "missing_lines": [83], "excluded_lines": [], "start_line": 79}, "": {"executed_lines": [5, 6, 7, 8, 9, 12, 15, 17, 22, 26, 30, 34, 39, 44, 45, 61, 67, 73, 79], "summary": {"covered_lines": 19, "num_statements": 19, "percent_covered": 100.0, "percent_covered_display": "100", "missing_lines": 0, "excluded_lines": 0, "percent_statements_covered": 100.0, "percent_statements_covered_display": "100"}, "missing_lines": [], "excluded_lines": [], "start_line": 1}}, "classes": {"AppConfig": {"executed_lines": [49, 50, 57, 58, 59, 63, 64, 65, 71], "summary": {"covered_lines": 9, "num_statements": 11, "percent_covered": 81.81818181818181, "percent_covered_display": "82", "missing_lines": 2, "excluded_lines": 0, "percent_statements_covered": 81.81818181818181, "percent_statements_covered_display": "82"}, "missing_lines": [77, 83], "excluded_lines": [], "start_line": 17}, "": {"executed_lines": [5, 6, 7, 8, 9, 12, 15, 17, 22, 26, 30, 34, 39, 44, 45, 61, 67, 73, 79], "summary": {"covered_lines": 19, "num_statements": 19, "percent_covered": 100.0, "percent_covered_display": "100", "missing_lines": 0, "excluded_lines": 0, "percent_statements_covered": 100.0, "percent_statements_covered_display": "100"}, "missing_lines": [], "excluded_lines": [], "start_line": 1}}}, "src/core/excel_styling.py": {"executed_lines": [5, 6, 7, 8, 9, 10, 13, 16, 17, 19, 20, 23, 24, 25, 28, 29, 31, 33, 34, 38, 39, 41, 42, 45, 46, 48, 50, 51, 53, 54, 55, 57, 58, 59, 60, 63, 64, 66, 67, 69, 71, 72, 74, 75, 76, 77, 78, 80, 81, 84, 89, 91, 92, 93, 95, 96, 98, 99, 103, 108, 110, 111, 112, 115, 116, 117], "summary": {"covered_lines": 66, "num_statements": 66, "percent_covered": 100.0, "percent_covered_display": "100", "missing_lines": 0, "excluded_lines": 0, "percent_statements_covered": 100.0, "percent_statements_covered_display": "100"}, "missing_lines": [], "excluded_lines": [], "functions": {"ExcelStyler._get_formatted_number_length": {"executed_lines": [23, 24, 25, 28, 29, 31], "summary": {"covered_lines": 6, "num_statements": 6, "percent_covered": 100.0, "percent_covered_display": "100", "missing_lines": 0, "excluded_lines": 0, "percent_statements_covered": 100.0, "percent_statements_covered_display": "100"}, "missing_lines": [], "excluded_lines": [], "start_line": 20}, "ExcelStyler.estimate_cell_width": {"executed_lines": [38, 39, 41, 42, 45, 46, 48], "summary": {"covered_lines": 7, "num_statements": 7, "percent_covered": 100.0, "percent_covered_display": "100", "missing_lines": 0, "excluded_lines": 0, "percent_statements_covered": 100.0, "percent_statements_covered_display": "100"}, "missing_lines": [], "excluded_lines": [], "start_line": 34}, "ExcelStyler.adjust_column_widths": {"executed_lines": [53, 54, 55, 57, 58, 59, 60, 63, 64], "summary": {"covered_lines": 9, "num_statements": 9, "percent_covered": 100.0, "percent_covered_display": "100", "missing_lines": 0, "excluded_lines": 0, "percent_statements_covered": 100.0, "percent_statements_covered_display": "100"}, "missing_lines": [], "excluded_lines": [], "start_line": 51}, "ExcelStyler.get_header_map": {"executed_lines": [69], "summary": {"covered_lines": 1, "num_statements": 1, "percent_covered": 100.0, "percent_covered_display": "100", "missing_lines": 0, "excluded_lines": 0, "percent_statements_covered": 100.0, "percent_statements_covered_display": "100"}, "missing_lines": [], "excluded_lines": [], "start_line": 67}, "ExcelStyler.apply_header_style": {"executed_lines": [74, 75, 76, 77, 78], "summary": {"covered_lines": 5, "num_statements": 5, "percent_covered": 100.0, "percent_covered_display": "100", "missing_lines": 0, "excluded_lines": 0, "percent_statements_covered": 100.0, "percent_statements_covered_display": "100"}, "missing_lines": [], "excluded_lines": [], "start_line": 72}, "ExcelStyler.apply_number_formats": {"executed_lines": [84, 89, 91, 92, 93, 95, 96], "summary": {"covered_lines": 7, "num_statements": 7, "percent_covered": 100.0, "percent_covered_display": "100", "missing_lines": 0, "excluded_lines": 0, "percent_statements_covered": 100.0, "percent_statements_covered_display": "100"}, "missing_lines": [], "excluded_lines": [], "start_line": 81}, "ExcelStyler.apply_conditional_formatting": {"executed_lines": [103, 108, 110, 111, 112, 115, 116, 117], "summary": {"covered_lines": 8, "num_statements": 8, "percent_covered": 100.0, "percent_covered_display": "100", "missing_lines": 0, "excluded_lines": 0, "percent_statements_covered": 100.0, "percent_statements_covered_display": "100"}, "missing_lines": [], "excluded_lines": [], "start_line": 99}, "": {"executed_lines": [5, 6, 7, 8, 9, 10, 13, 16, 17, 19, 20, 33, 34, 50, 51, 66, 67, 71, 72, 80, 81, 98, 99], "summary": {"covered_lines": 23, "num_statements": 23, "percent_covered": 100.0, "percent_covered_display": "100", "missing_lines": 0, "excluded_lines": 0, "percent_statements_covered": 100.0, "percent_statements_covered_display": "100"}, "missing_lines": [], "excluded_lines": [], "start_line": 1}}, "classes": {"ExcelStyler": {"executed_lines": [23, 24, 25, 28, 29, 31, 38, 39, 41, 42, 45, 46, 48, 53, 54, 55, 57, 58, 59, 60, 63, 64, 69, 74, 75, 76, 77, 78, 84, 89, 91, 92, 93, 95, 96, 103, 108, 110, 111, 112, 115, 116, 117], "summary": {"covered_lines": 43, "num_statements": 43, "percent_covered": 100.0, "percent_covered_display": "100", "missing_lines": 0, "excluded_lines": 0, "percent_statements_covered": 100.0, "percent_statements_covered_display": "100"}, "missing_lines": [], "excluded_lines": [], "start_line": 13}, "": {"executed_lines": [5, 6, 7, 8, 9, 10, 13, 16, 17, 19, 20, 33, 34, 50, 51, 66, 67, 71, 72, 80, 81, 98, 99], "summary": {"covered_lines": 23, "num_statements": 23, "percent_covered": 100.0, "percent_covered_display": "100", "missing_lines": 0, "excluded_lines": 0, "percent_statements_covered": 100.0, "percent_statements_covered_display": "100"}, "missing_lines": [], "excluded_lines": [], "start_line": 1}}}, "src/core/formatting.py": {"executed_lines": [5, 6, 8, 18, 19, 21, 22, 24, 27, 28, 30, 32, 34, 44, 45, 47, 50, 51, 54, 55, 58], "summary": {"covered_lines": 21, "num_statements": 21, "percent_covered": 100.0, "percent_covered_display": "100", "missing_lines": 0, "excluded_lines": 0, "percent_statements_covered": 100.0, "percent_statements_covered_display": "100"}, "missing_lines": [], "excluded_lines": [], "functions": {"format_validation_error": {"executed_lines": [18, 19, 21, 22, 24, 27, 28, 30, 32], "summary": {"covered_lines": 9, "num_statements": 9, "percent_covered": 100.0, "percent_covered_display": "100", "missing_lines": 0, "excluded_lines": 0, "percent_statements_covered": 100.0, "percent_statements_covered_display": "100"}, "missing_lines": [], "excluded_lines": [], "start_line": 8}, "prepare_display_dataframe": {"executed_lines": [44, 45, 47, 50, 51, 54, 55, 58], "summary": {"covered_lines": 8, "num_statements": 8, "percent_covered": 100.0, "percent_covered_display": "100", "missing_lines": 0, "excluded_lines": 0, "percent_statements_covered": 100.0, "percent_statements_covered_display": "100"}, "missing_lines": [], "excluded_lines": [], "start_line": 34}, "": {"executed_lines": [5, 6, 8, 34], "summary": {"covered_lines": 4, "num_statements": 4, "percent_covered": 100.0, "percent_covered_display": "100", "missing_lines": 0, "excluded_lines": 0, "percent_statements_covered": 100.0, "percent_statements_covered_display": "100"}, "missing_lines": [], "excluded_lines": [], "start_line": 1}}, "classes": {"": {"executed_lines": [5, 6, 8, 18, 19, 21, 22, 24, 27, 28, 30, 32, 34, 44, 45, 47, 50, 51, 54, 55, 58], "summary": {"covered_lines": 21, "num_statements": 21, "percent_covered": 100.0, "percent_covered_display": "100", "missing_lines": 0, "excluded_lines": 0, "percent_statements_covered": 100.0, "percent_statements_covered_display": "100"}, "missing_lines": [], "excluded_lines": [], "start_line": 1}}}, "src/core/ingestion.py": {"executed_lines": [], "summary": {"covered_lines": 0, "num_statements": 13, "percent_covered": 0.0, "percent_covered_display": "0", "missing_lines": 13, "excluded_lines": 0, "percent_statements_covered": 0.0, "percent_statements_covered_display": "0"}, "missing_lines": [4, 5, 6, 7, 8, 11, 15, 20, 27, 28, 29, 39, 44], "excluded_lines": [], "functions": {"SimulationDataIngestionService.ingest_data": {"executed_lines": [], "summary": {"covered_lines": 0, "num_statements": 6, "percent_covered": 0.0, "percent_covered_display": "0", "missing_lines": 6, "excluded_lines": 0, "percent_statements_covered": 0.0, "percent_statements_covered_display": "0"}, "missing_lines": [20, 27, 28, 29, 39, 44], "excluded_lines": [], "start_line": 15}, "": {"executed_lines": [], "summary": {"covered_lines": 0, "num_statements": 7, "percent_covered": 0.0, "percent_covered_display": "0", "missing_lines": 7, "excluded_lines": 0, "percent_statements_covered": 0.0, "percent_statements_covered_display": "0"}, "missing_lines": [4, 5, 6, 7, 8, 11, 15], "excluded_lines": [], "start_line": 1}}, "classes": {"SimulationDataIngestionService": {"executed_lines": [], "summary": {"covered_lines": 0, "num_statements": 6, "percent_covered": 0.0, "percent_covered_display": "0", "missing_lines": 6, "excluded_lines": 0, "percent_statements_covered": 0.0, "percent_statements_covered_display": "0"}, "missing_lines": [20, 27, 28, 29, 39, 44], "excluded_lines": [], "start_line": 11}, "": {"executed_lines": [], "summary": {"covered_lines": 0, "num_statements": 7, "percent_covered": 0.0, "percent_covered_display": "0", "missing_lines": 7, "excluded_lines": 0, "percent_statements_covered": 0.0, "percent_statements_covered_display": "0"}, "missing_lines": [4, 5, 6, 7, 8, 11, 15], "excluded_lines": [], "start_line": 1}}}, "src/core/interfaces.py": {"executed_lines": [5, 9, 10, 11, 14, 18, 24, 33, 38, 42, 46, 50, 56, 60, 64, 68, 72, 76, 83, 87, 105, 109, 118, 122, 129, 133, 145, 156, 160], "summary": {"covered_lines": 29, "num_statements": 29, "percent_covered": 100.0, "percent_covered_display": "100", "missing_lines": 0, "excluded_lines": 42, "percent_statements_covered": 100.0, "percent_statements_covered_display": "100"}, "missing_lines": [], "excluded_lines": [22, 23, 30, 31, 32, 40, 41, 44, 45, 48, 49, 54, 55, 58, 59, 62, 63, 66, 67, 70, 71, 74, 75, 80, 81, 82, 102, 103, 104, 115, 116, 117, 126, 127, 128, 143, 144, 153, 154, 155, 167, 168], "functions": {"AIService.analyze_semantics": {"executed_lines": [], "summary": {"covered_lines": 0, "num_statements": 0, "percent_covered": 100.0, "percent_covered_display": "100", "missing_lines": 0, "excluded_lines": 1, "percent_statements_covered": 100.0, "percent_statements_covered_display": "100"}, "missing_lines": [], "excluded_lines": [22], "start_line": 18}, "AIService.analyze_stream": {"executed_lines": [], "summary": {"covered_lines": 0, "num_statements": 0, "percent_covered": 100.0, "percent_covered_display": "100", "missing_lines": 0, "excluded_lines": 1, "percent_statements_covered": 100.0, "percent_statements_covered_display": "100"}, "missing_lines": [], "excluded_lines": [30], "start_line": 24}, "UserInterface.display_header": {"executed_lines": [], "summary": {"covered_lines": 0, "num_statements": 0, "percent_covered": 100.0, "percent_covered_display": "100", "missing_lines": 0, "excluded_lines": 1, "percent_statements_covered": 100.0, "percent_statements_covered_display": "100"}, "missing_lines": [], "excluded_lines": [40], "start_line": 38}, "UserInterface.display_section": {"executed_lines": [], "summary": {"covered_lines": 0, "num_statements": 0, "percent_covered": 100.0, "percent_covered_display": "100", "missing_lines": 0, "excluded_lines": 1, "percent_statements_covered": 100.0, "percent_statements_covered_display": "100"}, "missing_lines": [], "excluded_lines": [44], "start_line": 42}, "UserInterface.display_status": {"executed_lines": [], "summary": {"covered_lines": 0, "num_statements": 0, "percent_covered": 100.0, "percent_covered_display": "100", "missing_lines": 0, "excluded_lines": 1, "percent_statements_covered": 100.0, "percent_statements_covered_display": "100"}, "missing_lines": [], "excluded_lines": [48], "start_line": 46}, "UserInterface.display_table": {"executed_lines": [], "summary": {"covered_lines": 0, "num_statements": 0, "percent_covered": 100.0, "percent_covered_display": "100", "missing_lines": 0, "excluded_lines": 1, "percent_statements_covered": 100.0, "percent_statements_covered_display": "100"}, "missing_lines": [], "excluded_lines": [54], "start_line": 50}, "UserInterface.display_error": {"executed_lines": [], "summary": {"covered_lines": 0, "num_statements": 0, "percent_covered": 100.0, "percent_covered_display": "100", "missing_lines": 0, "excluded_lines": 1, "percent_statements_covered": 100.0, "percent_statements_covered_display": "100"}, "missing_lines": [], "excluded_lines": [58], "start_line": 56}, "UserInterface.display_success": {"executed_lines": [], "summary": {"covered_lines": 0, "num_statements": 0, "percent_covered": 100.0, "percent_covered_display": "100", "missing_lines": 0, "excluded_lines": 1, "percent_statements_covered": 100.0, "percent_statements_covered_display": "100"}, "missing_lines": [], "excluded_lines": [62], "start_line": 60}, "UserInterface.display_info": {"executed_lines": [], "summary": {"covered_lines": 0, "num_statements": 0, "percent_covered": 100.0, "percent_covered_display": "100", "missing_lines": 0, "excluded_lines": 1, "percent_statements_covered": 100.0, "percent_statements_covered_display": "100"}, "missing_lines": [], "excluded_lines": [66], "start_line": 64}, "UserInterface.display_message": {"executed_lines": [], "summary": {"covered_lines": 0, "num_statements": 0, "percent_covered": 100.0, "percent_covered_display": "100", "missing_lines": 0, "excluded_lines": 1, "percent_statements_covered": 100.0, "percent_statements_covered_display": "100"}, "missing_lines": [], "excluded_lines": [70], "start_line": 68}, "UserInterface.loading": {"executed_lines": [], "summary": {"covered_lines": 0, "num_statements": 0, "percent_covered": 100.0, "percent_covered_display": "100", "missing_lines": 0, "excluded_lines": 1, "percent_statements_covered": 100.0, "percent_statements_covered_display": "100"}, "missing_lines": [], "excluded_lines": [74], "start_line": 72}, "UserInterface.display_stream": {"executed_lines": [], "summary": {"covered_lines": 0, "num_statements": 0, "percent_covered": 100.0, "percent_covered_display": "100", "missing_lines": 0, "excluded_lines": 1, "percent_statements_covered": 100.0, "percent_statements_covered_display": "100"}, "missing_lines": [], "excluded_lines": [80], "start_line": 76}, "Visualizer.generate_chart": {"executed_lines": [], "summary": {"covered_lines": 0, "num_statements": 0, "percent_covered": 100.0, "percent_covered_display": "100", "missing_lines": 0, "excluded_lines": 1, "percent_statements_covered": 100.0, "percent_statements_covered_display": "100"}, "missing_lines": [], "excluded_lines": [102], "start_line": 87}, "ReportGenerator.generate_report": {"executed_lines": [], "summary": {"covered_lines": 0, "num_statements": 0, "percent_covered": 100.0, "percent_covered_display": "100", "missing_lines": 0, "excluded_lines": 1, "percent_statements_covered": 100.0, "percent_statements_covered_display": "100"}, "missing_lines": [], "excluded_lines": [115], "start_line": 109}, "DataIngestionService.ingest_data": {"executed_lines": [], "summary": {"covered_lines": 0, "num_statements": 0, "percent_covered": 100.0, "percent_covered_display": "100", "missing_lines": 0, "excluded_lines": 1, "percent_statements_covered": 100.0, "percent_statements_covered_display": "100"}, "missing_lines": [], "excluded_lines": [126], "start_line": 122}, "CacheBackend.get": {"executed_lines": [], "summary": {"covered_lines": 0, "num_statements": 0, "percent_covered": 100.0, "percent_covered_display": "100", "missing_lines": 0, "excluded_lines": 1, "percent_statements_covered": 100.0, "percent_statements_covered_display": "100"}, "missing_lines": [], "excluded_lines": [143], "start_line": 133}, "CacheBackend.set": {"executed_lines": [], "summary": {"covered_lines": 0, "num_statements": 0, "percent_covered": 100.0, "percent_covered_display": "100", "missing_lines": 0, "excluded_lines": 1, "percent_statements_covered": 100.0, "percent_statements_covered_display": "100"}, "missing_lines": [], "excluded_lines": [153], "start_line": 145}, "NotificationService.notify": {"executed_lines": [], "summary": {"covered_lines": 0, "num_statements": 0, "percent_covered": 100.0, "percent_covered_display": "100", "missing_lines": 0, "excluded_lines": 1, "percent_statements_covered": 100.0, "percent_statements_covered_display": "100"}, "missing_lines": [], "excluded_lines": [167], "start_line": 160}, "": {"executed_lines": [5, 9, 10, 11, 14, 18, 24, 33, 38, 42, 46, 50, 56, 60, 64, 68, 72, 76, 83, 87, 105, 109, 118, 122, 129, 133, 145, 156, 160], "summary": {"covered_lines": 29, "num_statements": 29, "percent_covered": 100.0, "percent_covered_display": "100", "missing_lines": 0, "excluded_lines": 23, "percent_statements_covered": 100.0, "percent_statements_covered_display": "100"}, "missing_lines": [], "excluded_lines": [23, 31, 32, 41, 45, 49, 55, 59, 63, 67, 71, 75, 81, 82, 103, 104, 116, 117, 127, 128, 144, 154, 155], "start_line": 1}}, "classes": {"AIService": {"executed_lines": [], "summary": {"covered_lines": 0, "num_statements": 0, "percent_covered": 100.0, "percent_covered_display": "100", "missing_lines": 0, "excluded_lines": 2, "percent_statements_covered": 100.0, "percent_statements_covered_display": "100"}, "missing_lines": [], "excluded_lines": [22, 30], "start_line": 14}, "UserInterface": {"executed_lines": [], "summary": {"covered_lines": 0, "num_statements": 0, "percent_covered": 100.0, "percent_covered_display": "100", "missing_lines": 0, "excluded_lines": 10, "percent_statements_covered": 100.0, "percent_statements_covered_display": "100"}, "missing_lines": [], "excluded_lines": [40, 44, 48, 54, 58, 62, 66, 70, 74, 80], "start_line": 33}, "Visualizer": {"executed_lines": [], "summary": {"covered_lines": 0, "num_statements": 0, "percent_covered": 100.0, "percent_covered_display": "100", "missing_lines": 0, "excluded_lines": 1, "percent_statements_covered": 100.0, "percent_statements_covered_display": "100"}, "missing_lines": [], "excluded_lines": [102], "start_line": 83}, "ReportGenerator": {"executed_lines": [], "summary": {"covered_lines": 0, "num_statements": 0, "percent_covered": 100.0, "percent_covered_display": "100", "missing_lines": 0, "excluded_lines": 1, "percent_statements_covered": 100.0, "percent_statements_covered_display": "100"}, "missing_lines": [], "excluded_lines": [115], "start_line": 105}, "DataIngestionService": {"executed_lines": [], "summary": {"covered_lines": 0, "num_statements": 0, "percent_covered": 100.0, "percent_covered_display": "100", "missing_lines": 0, "excluded_lines": 1, "percent_statements_covered": 100.0, "percent_statements_covered_display": "100"}, "missing_lines": [], "excluded_lines": [126], "start_line": 118}, "CacheBackend": {"executed_lines": [], "summary": {"covered_lines": 0, "num_statements": 0, "percent_covered": 100.0, "percent_covered_display": "100", "missing_lines": 0, "excluded_lines": 2, "percent_statements_covered": 100.0, "percent_statements_covered_display": "100"}, "missing_lines": [], "excluded_lines": [143, 153], "start_line": 129}, "NotificationService": {"executed_lines": [], "summary": {"covered_lines": 0, "num_statements": 0, "percent_covered": 100.0, "percent_covered_display": "100", "missing_lines": 0, "excluded_lines": 1, "percent_statements_covered": 100.0, "percent_statements_covered_display": "100"}, "missing_lines": [], "excluded_lines": [167], "start_line": 156}, "": {"executed_lines": [5, 9, 10, 11, 14, 18, 24, 33, 38, 42, 46, 50, 56, 60, 64, 68, 72, 76, 83, 87, 105, 109, 118, 122, 129, 133, 145, 156, 160], "summary": {"covered_lines": 29, "num_statements": 29, "percent_covered": 100.0, "percent_covered_display": "100", "missing_lines": 0, "excluded_lines": 23, "percent_statements_covered": 100.0, "percent_statements_covered_display": "100"}, "missing_lines": [], "excluded_lines": [23, 31, 32, 41, 45, 49, 55, 59, 63, 67, 71, 75, 81, 82, 103, 104, 116, 117, 127, 128, 144, 154, 155], "start_line": 1}}}, "src/core/metrics.py": {"executed_lines": [], "summary": {"covered_lines": 0, "num_statements": 45, "percent_covered": 0.0, "percent_covered_display": "0", "missing_lines": 45, "excluded_lines": 0, "percent_statements_covered": 0.0, "percent_statements_covered_display": "0"}, "missing_lines": [5, 6, 7, 8, 9, 11, 12, 15, 17, 19, 22, 27, 28, 30, 34, 35, 37, 38, 39, 40, 41, 42, 43, 46, 47, 51, 52, 53, 59, 60, 69, 72, 77, 80, 81, 83, 87, 88, 91, 96, 99, 100, 102, 108, 109], "excluded_lines": [], "functions": {"FileMetricsRepository.__init__": {"executed_lines": [], "summary": {"covered_lines": 0, "num_statements": 1, "percent_covered": 0.0, "percent_covered_display": "0", "missing_lines": 1, "excluded_lines": 0, "percent_statements_covered": 0.0, "percent_statements_covered_display": "0"}, "missing_lines": [28], "excluded_lines": [], "start_line": 27}, "FileMetricsRepository.record": {"executed_lines": [], "summary": {"covered_lines": 0, "num_statements": 9, "percent_covered": 0.0, "percent_covered_display": "0", "missing_lines": 9, "excluded_lines": 0, "percent_statements_covered": 0.0, "percent_statements_covered_display": "0"}, "missing_lines": [34, 35, 37, 38, 39, 40, 41, 42, 43], "excluded_lines": [], "start_line": 30}, "record_telemetry": {"executed_lines": [], "summary": {"covered_lines": 0, "num_statements": 6, "percent_covered": 0.0, "percent_covered_display": "0", "missing_lines": 6, "excluded_lines": 0, "percent_statements_covered": 0.0, "percent_statements_covered_display": "0"}, "missing_lines": [51, 52, 53, 59, 60, 69], "excluded_lines": [], "start_line": 47}, "MetricsDataIngestionService.__init__": {"executed_lines": [], "summary": {"covered_lines": 0, "num_statements": 2, "percent_covered": 0.0, "percent_covered_display": "0", "missing_lines": 2, "excluded_lines": 0, "percent_statements_covered": 0.0, "percent_statements_covered_display": "0"}, "missing_lines": [80, 81], "excluded_lines": [], "start_line": 77}, "MetricsDataIngestionService.ingest_data": {"executed_lines": [], "summary": {"covered_lines": 0, "num_statements": 2, "percent_covered": 0.0, "percent_covered_display": "0", "missing_lines": 2, "excluded_lines": 0, "percent_statements_covered": 0.0, "percent_statements_covered_display": "0"}, "missing_lines": [87, 88], "excluded_lines": [], "start_line": 83}, "MetricsReportGenerator.__init__": {"executed_lines": [], "summary": {"covered_lines": 0, "num_statements": 2, "percent_covered": 0.0, "percent_covered_display": "0", "missing_lines": 2, "excluded_lines": 0, "percent_statements_covered": 0.0, "percent_statements_covered_display": "0"}, "missing_lines": [99, 100], "excluded_lines": [], "start_line": 96}, "MetricsReportGenerator.generate_report": {"executed_lines": [], "summary": {"covered_lines": 0, "num_statements": 2, "percent_covered": 0.0, "percent_covered_display": "0", "missing_lines": 2, "excluded_lines": 0, "percent_statements_covered": 0.0, "percent_statements_covered_display": "0"}, "missing_lines": [108, 109], "excluded_lines": [], "start_line": 102}, "": {"executed_lines": [], "summary": {"covered_lines": 0, "num_statements": 21, "percent_covered": 0.0, "percent_covered_display": "0", "missing_lines": 21, "excluded_lines": 0, "percent_statements_covered": 0.0, "percent_statements_covered_display": "0"}, "missing_lines": [5, 6, 7, 8, 9, 11, 12, 15, 17, 19, 22, 27, 30, 46, 47, 72, 77, 83, 91, 96, 102], "excluded_lines": [], "start_line": 1}}, "classes": {"MetricsError": {"executed_lines": [], "summary": {"covered_lines": 0, "num_statements": 0, "percent_covered": 100.0, "percent_covered_display": "100", "missing_lines": 0, "excluded_lines": 0, "percent_statements_covered": 100.0, "percent_statements_covered_display": "100"}, "missing_lines": [], "excluded_lines": [], "start_line": 17}, "FileMetricsRepository": {"executed_lines": [], "summary": {"covered_lines": 0, "num_statements": 10, "percent_covered": 0.0, "percent_covered_display": "0", "missing_lines": 10, "excluded_lines": 0, "percent_statements_covered": 0.0, "percent_statements_covered_display": "0"}, "missing_lines": [28, 34, 35, 37, 38, 39, 40, 41, 42, 43], "excluded_lines": [], "start_line": 22}, "MetricsDataIngestionService": {"executed_lines": [], "summary": {"covered_lines": 0, "num_statements": 4, "percent_covered": 0.0, "percent_covered_display": "0", "missing_lines": 4, "excluded_lines": 0, "percent_statements_covered": 0.0, "percent_statements_covered_display": "0"}, "missing_lines": [80, 81, 87, 88], "excluded_lines": [], "start_line": 72}, "MetricsReportGenerator": {"executed_lines": [], "summary": {"covered_lines": 0, "num_statements": 4, "percent_covered": 0.0, "percent_covered_display": "0", "missing_lines": 4, "excluded_lines": 0, "percent_statements_covered": 0.0, "percent_statements_covered_display": "0"}, "missing_lines": [99, 100, 108, 109], "excluded_lines": [], "start_line": 91}, "": {"executed_lines": [], "summary": {"covered_lines": 0, "num_statements": 27, "percent_covered": 0.0, "percent_covered_display": "0", "missing_lines": 27, "excluded_lines": 0, "percent_statements_covered": 0.0, "percent_statements_covered_display": "0"}, "missing_lines": [5, 6, 7, 8, 9, 11, 12, 15, 17, 19, 22, 27, 30, 46, 47, 51, 52, 53, 59, 60, 69, 72, 77, 83, 91, 96, 102], "excluded_lines": [], "start_line": 1}}}, "src/core/models.py": {"executed_lines": [4, 5, 6, 9, 14, 15, 16, 17, 18, 20, 21, 22, 24, 29, 30, 31, 36, 37, 43, 45, 48, 52, 53, 54, 57, 62, 66, 67, 68, 69, 70], "summary": {"covered_lines": 31, "num_statements": 32, "percent_covered": 96.875, "percent_covered_display": "97", "missing_lines": 1, "excluded_lines": 0, "percent_statements_covered": 96.875, "percent_statements_covered_display": "97"}, "missing_lines": [44], "excluded_lines": [], "functions": {"VideoAnalysisInput.validate_title": {"executed_lines": [24, 29, 30, 31, 36, 37, 43, 45], "summary": {"covered_lines": 8, "num_statements": 9, "percent_covered": 88.88888888888889, "percent_covered_display": "89", "missing_lines": 1, "excluded_lines": 0, "percent_statements_covered": 88.88888888888889, "percent_statements_covered_display": "89"}, "missing_lines": [44], "excluded_lines": [], "start_line": 22}, "": {"executed_lines": [4, 5, 6, 9, 14, 15, 16, 17, 18, 20, 21, 22, 48, 52, 53, 54, 57, 62, 66, 67, 68, 69, 70], "summary": {"covered_lines": 23, "num_statements": 23, "percent_covered": 100.0, "percent_covered_display": "100", "missing_lines": 0, "excluded_lines": 0, "percent_statements_covered": 100.0, "percent_statements_covered_display": "100"}, "missing_lines": [], "excluded_lines": [], "start_line": 1}}, "classes": {"VideoAnalysisInput": {"executed_lines": [24, 29, 30, 31, 36, 37, 43, 45], "summary": {"covered_lines": 8, "num_statements": 9, "percent_covered": 88.88888888888889, "percent_covered_display": "89", "missing_lines": 1, "excluded_lines": 0, "percent_statements_covered": 88.88888888888889, "percent_statements_covered_display": "89"}, "missing_lines": [44], "excluded_lines": [], "start_line": 9}, "NotificationEvent": {"executed_lines": [], "summary": {"covered_lines": 0, "num_statements": 0, "percent_covered": 100.0, "percent_covered_display": "100", "missing_lines": 0, "excluded_lines": 0, "percent_statements_covered": 100.0, "percent_statements_covered_display": "100"}, "missing_lines": [], "excluded_lines": [], "start_line": 48}, "MetricEvent": {"executed_lines": [], "summary": {"covered_lines": 0, "num_statements": 0, "percent_covered": 100.0, "percent_covered_display": "100", "missing_lines": 0, "excluded_lines": 0, "percent_statements_covered": 100.0, "percent_statements_covered_display": "100"}, "missing_lines": [], "excluded_lines": [], "start_line": 62}, "": {"executed_lines": [4, 5, 6, 9, 14, 15, 16, 17, 18, 20, 21, 22, 48, 52, 53, 54, 57, 62, 66, 67, 68, 69, 70], "summary": {"covered_lines": 23, "num_statements": 23, "percent_covered": 100.0, "percent_covered_display": "100", "missing_lines": 0, "excluded_lines": 0, "percent_statements_covered": 100.0, "percent_statements_covered_display": "100"}, "missing_lines": [], "excluded_lines": [], "start_line": 1}}}, "src/core/notifications.py": {"executed_lines": [4, 5, 6, 7, 8, 10, 13, 17, 18, 20, 24, 25, 26, 27, 28, 29, 31, 34, 38, 39, 41, 45, 46, 47, 52, 56, 57, 59, 63, 64, 65], "summary": {"covered_lines": 31, "num_statements": 35, "percent_covered": 88.57142857142857, "percent_covered_display": "89", "missing_lines": 4, "excluded_lines": 0, "percent_statements_covered": 88.57142857142857, "percent_statements_covered_display": "89"}, "missing_lines": [48, 49, 66, 67], "excluded_lines": [], "functions": {"ConsoleNotificationService.__init__": {"executed_lines": [18], "summary": {"covered_lines": 1, "num_statements": 1, "percent_covered": 100.0, "percent_covered_display": "100", "missing_lines": 0, "excluded_lines": 0, "percent_statements_covered": 100.0, "percent_statements_covered_display": "100"}, "missing_lines": [], "excluded_lines": [], "start_line": 17}, "ConsoleNotificationService.notify": {"executed_lines": [24, 25, 26, 27, 28, 29, 31], "summary": {"covered_lines": 7, "num_statements": 7, "percent_covered": 100.0, "percent_covered_display": "100", "missing_lines": 0, "excluded_lines": 0, "percent_statements_covered": 100.0, "percent_statements_covered_display": "100"}, "missing_lines": [], "excluded_lines": [], "start_line": 20}, "FileNotificationService.__init__": {"executed_lines": [39], "summary": {"covered_lines": 1, "num_statements": 1, "percent_covered": 100.0, "percent_covered_display": "100", "missing_lines": 0, "excluded_lines": 0, "percent_statements_covered": 100.0, "percent_statements_covered_display": "100"}, "missing_lines": [], "excluded_lines": [], "start_line": 38}, "FileNotificationService.notify": {"executed_lines": [45, 46, 47], "summary": {"covered_lines": 3, "num_statements": 5, "percent_covered": 60.0, "percent_covered_display": "60", "missing_lines": 2, "excluded_lines": 0, "percent_statements_covered": 60.0, "percent_statements_covered_display": "60"}, "missing_lines": [48, 49], "excluded_lines": [], "start_line": 41}, "CompositeNotificationService.__init__": {"executed_lines": [57], "summary": {"covered_lines": 1, "num_statements": 1, "percent_covered": 100.0, "percent_covered_display": "100", "missing_lines": 0, "excluded_lines": 0, "percent_statements_covered": 100.0, "percent_statements_covered_display": "100"}, "missing_lines": [], "excluded_lines": [], "start_line": 56}, "CompositeNotificationService.notify": {"executed_lines": [63, 64, 65], "summary": {"covered_lines": 3, "num_statements": 5, "percent_covered": 60.0, "percent_covered_display": "60", "missing_lines": 2, "excluded_lines": 0, "percent_statements_covered": 60.0, "percent_statements_covered_display": "60"}, "missing_lines": [66, 67], "excluded_lines": [], "start_line": 59}, "": {"executed_lines": [4, 5, 6, 7, 8, 10, 13, 17, 20, 34, 38, 41, 52, 56, 59], "summary": {"covered_lines": 15, "num_statements": 15, "percent_covered": 100.0, "percent_covered_display": "100", "missing_lines": 0, "excluded_lines": 0, "percent_statements_covered": 100.0, "percent_statements_covered_display": "100"}, "missing_lines": [], "excluded_lines": [], "start_line": 1}}, "classes": {"ConsoleNotificationService": {"executed_lines": [18, 24, 25, 26, 27, 28, 29, 31], "summary": {"covered_lines": 8, "num_statements": 8, "percent_covered": 100.0, "percent_covered_display": "100", "missing_lines": 0, "excluded_lines": 0, "percent_statements_covered": 100.0, "percent_statements_covered_display": "100"}, "missing_lines": [], "excluded_lines": [], "start_line": 13}, "FileNotificationService": {"executed_lines": [39, 45, 46, 47], "summary": {"covered_lines": 4, "num_statements": 6, "percent_covered": 66.66666666666667, "percent_covered_display": "67", "missing_lines": 2, "excluded_lines": 0, "percent_statements_covered": 66.66666666666667, "percent_statements_covered_display": "67"}, "missing_lines": [48, 49], "excluded_lines": [], "start_line": 34}, "CompositeNotificationService": {"executed_lines": [57, 63, 64, 65], "summary": {"covered_lines": 4, "num_statements": 6, "percent_covered": 66.66666666666667, "percent_covered_display": "67", "missing_lines": 2, "excluded_lines": 0, "percent_statements_covered": 66.66666666666667, "percent_statements_covered_display": "67"}, "missing_lines": [66, 67], "excluded_lines": [], "start_line": 52}, "": {"executed_lines": [4, 5, 6, 7, 8, 10, 13, 17, 20, 34, 38, 41, 52, 56, 59], "summary": {"covered_lines": 15, "num_statements": 15, "percent_covered": 100.0, "percent_covered_display": "100", "missing_lines": 0, "excluded_lines": 0, "percent_statements_covered": 100.0, "percent_statements_covered_display": "100"}, "missing_lines": [], "excluded_lines": [], "start_line": 1}}}, "src/core/reporting.py": {"executed_lines": [5, 6, 7, 8, 9, 10, 11, 12, 13, 14, 16, 17, 18, 20, 23, 25, 27, 28, 29, 30, 32, 34, 36, 39, 43, 52, 53, 55, 59, 60, 61, 62, 63, 64, 65, 66, 67, 69, 71, 73, 77, 80, 81, 82, 83, 85, 86, 94, 101, 103, 109, 111, 114, 115, 116, 117, 121, 126, 129, 134, 135, 136, 144, 148, 149, 150, 153, 157, 163, 168, 169, 170, 174, 176, 177, 178, 179, 182, 185], "summary": {"covered_lines": 79, "num_statements": 88, "percent_covered": 89.77272727272727, "percent_covered_display": "90", "missing_lines": 9, "excluded_lines": 0, "percent_statements_covered": 89.77272727272727, "percent_statements_covered_display": "90"}, "missing_lines": [31, 33, 35, 74, 78, 159, 161, 171, 172], "excluded_lines": [], "functions": {"ReportConfig.validate_filepath": {"executed_lines": [30, 32, 34, 36], "summary": {"covered_lines": 4, "num_statements": 7, "percent_covered": 57.142857142857146, "percent_covered_display": "57", "missing_lines": 3, "excluded_lines": 0, "percent_statements_covered": 57.142857142857146, "percent_statements_covered_display": "57"}, "missing_lines": [31, 33, 35], "excluded_lines": [], "start_line": 29}, "ExcelReportGenerator.__init__": {"executed_lines": [53], "summary": {"covered_lines": 1, "num_statements": 1, "percent_covered": 100.0, "percent_covered_display": "100", "missing_lines": 0, "excluded_lines": 0, "percent_statements_covered": 100.0, "percent_statements_covered_display": "100"}, "missing_lines": [], "excluded_lines": [], "start_line": 52}, "ExcelReportGenerator._create_anomaly_sheet": {"executed_lines": [59, 60, 61, 62, 63, 64, 65, 66, 67], "summary": {"covered_lines": 9, "num_statements": 9, "percent_covered": 100.0, "percent_covered_display": "100", "missing_lines": 0, "excluded_lines": 0, "percent_statements_covered": 100.0, "percent_statements_covered_display": "100"}, "missing_lines": [], "excluded_lines": [], "start_line": 55}, "ExcelReportGenerator._add_anomaly_chart": {"executed_lines": [71, 73, 77, 80, 81, 82, 83, 85, 86, 94, 101, 103], "summary": {"covered_lines": 12, "num_statements": 14, "percent_covered": 85.71428571428571, "percent_covered_display": "86", "missing_lines": 2, "excluded_lines": 0, "percent_statements_covered": 85.71428571428571, "percent_statements_covered_display": "86"}, "missing_lines": [74, 78], "excluded_lines": [], "start_line": 69}, "ExcelReportGenerator._add_strategy_sheet": {"executed_lines": [111, 114, 115, 116, 117], "summary": {"covered_lines": 5, "num_statements": 5, "percent_covered": 100.0, "percent_covered_display": "100", "missing_lines": 0, "excluded_lines": 0, "percent_statements_covered": 100.0, "percent_statements_covered_display": "100"}, "missing_lines": [], "excluded_lines": [], "start_line": 109}, "ExcelReportGenerator._add_visual_insights": {"executed_lines": [126, 129, 134, 135, 136, 144, 148, 149, 150, 153, 157], "summary": {"covered_lines": 11, "num_statements": 13, "percent_covered": 84.61538461538461, "percent_covered_display": "85", "missing_lines": 2, "excluded_lines": 0, "percent_statements_covered": 84.61538461538461, "percent_statements_covered_display": "85"}, "missing_lines": [159, 161], "excluded_lines": [], "start_line": 121}, "ExcelReportGenerator.generate_report": {"executed_lines": [168, 169, 170, 174, 176, 177, 178, 179, 182, 185], "summary": {"covered_lines": 10, "num_statements": 12, "percent_covered": 83.33333333333333, "percent_covered_display": "83", "missing_lines": 2, "excluded_lines": 0, "percent_statements_covered": 83.33333333333333, "percent_statements_covered_display": "83"}, "missing_lines": [171, 172], "excluded_lines": [], "start_line": 163}, "": {"executed_lines": [5, 6, 7, 8, 9, 10, 11, 12, 13, 14, 16, 17, 18, 20, 23, 25, 27, 28, 29, 39, 43, 52, 55, 69, 109, 121, 163], "summary": {"covered_lines": 27, "num_statements": 27, "percent_covered": 100.0, "percent_covered_display": "100", "missing_lines": 0, "excluded_lines": 0, "percent_statements_covered": 100.0, "percent_statements_covered_display": "100"}, "missing_lines": [], "excluded_lines": [], "start_line": 1}}, "classes": {"ReportConfig": {"executed_lines": [30, 32, 34, 36], "summary": {"covered_lines": 4, "num_statements": 7, "percent_covered": 57.142857142857146, "percent_covered_display": "57", "missing_lines": 3, "excluded_lines": 0, "percent_statements_covered": 57.142857142857146, "percent_statements_covered_display": "57"}, "missing_lines": [31, 33, 35], "excluded_lines": [], "start_line": 23}, "ExcelReportGenerator": {"executed_lines": [53, 59, 60, 61, 62, 63, 64, 65, 66, 67, 71, 73, 77, 80, 81, 82, 83, 85, 86, 94, 101, 103, 111, 114, 115, 116, 117, 126, 129, 134, 135, 136, 144, 148, 149, 150, 153, 157, 168, 169, 170, 174, 176, 177, 178, 179, 182, 185], "summary": {"covered_lines": 48, "num_statements": 54, "percent_covered": 88.88888888888889, "percent_covered_display": "89", "missing_lines": 6, "excluded_lines": 0, "percent_statements_covered": 88.88888888888889, "percent_statements_covered_display": "89"}, "missing_lines": [74, 78, 159, 161, 171, 172], "excluded_lines": [], "start_line": 39}, "": {"executed_lines": [5, 6, 7, 8, 9, 10, 11, 12, 13, 14, 16, 17, 18, 20, 23, 25, 27, 28, 29, 39, 43, 52, 55, 69, 109, 121, 163], "summary": {"covered_lines": 27, "num_statements": 27, "percent_covered": 100.0, "percent_covered_display": "100", "missing_lines": 0, "excluded_lines": 0, "percent_statements_covered": 100.0, "percent_statements_covered_display": "100"}, "missing_lines": [], "excluded_lines": [], "start_line": 1}}}, "src/core/ui.py": {"executed_lines": [4, 5, 6, 7, 8, 9, 10, 11, 13, 15, 19, 27, 29, 30, 32, 33, 35, 36, 38, 39, 40, 41, 43, 45, 46, 47, 51, 52, 53, 55, 57, 59, 60, 65, 66, 68, 70, 71, 73, 74, 76, 77, 79, 80, 82, 83, 85, 86, 88, 89, 90, 91, 92], "summary": {"covered_lines": 53, "num_statements": 53, "percent_covered": 100.0, "percent_covered_display": "100", "missing_lines": 0, "excluded_lines": 0, "percent_statements_covered": 100.0, "percent_statements_covered_display": "100"}, "missing_lines": [], "excluded_lines": [], "functions": {"RichConsoleUI.__init__": {"executed_lines": [27], "summary": {"covered_lines": 1, "num_statements": 1, "percent_covered": 100.0, "percent_covered_display": "100", "missing_lines": 0, "excluded_lines": 0, "percent_statements_covered": 100.0, "percent_statements_covered_display": "100"}, "missing_lines": [], "excluded_lines": [], "start_line": 19}, "RichConsoleUI.display_header": {"executed_lines": [30], "summary": {"covered_lines": 1, "num_statements": 1, "percent_covered": 100.0, "percent_covered_display": "100", "missing_lines": 0, "excluded_lines": 0, "percent_statements_covered": 100.0, "percent_statements_covered_display": "100"}, "missing_lines": [], "excluded_lines": [], "start_line": 29}, "RichConsoleUI.display_section": {"executed_lines": [33], "summary": {"covered_lines": 1, "num_statements": 1, "percent_covered": 100.0, "percent_covered_display": "100", "missing_lines": 0, "excluded_lines": 0, "percent_statements_covered": 100.0, "percent_statements_covered_display": "100"}, "missing_lines": [], "excluded_lines": [], "start_line": 32}, "RichConsoleUI.display_status": {"executed_lines": [36], "summary": {"covered_lines": 1, "num_statements": 1, "percent_covered": 100.0, "percent_covered_display": "100", "missing_lines": 0, "excluded_lines": 0, "percent_statements_covered": 100.0, "percent_statements_covered_display": "100"}, "missing_lines": [], "excluded_lines": [], "start_line": 35}, "RichConsoleUI.display_table": {"executed_lines": [39, 40, 41, 43, 45, 46, 47, 51, 52, 53, 55, 57, 59, 60, 65, 66, 68], "summary": {"covered_lines": 17, "num_statements": 17, "percent_covered": 100.0, "percent_covered_display": "100", "missing_lines": 0, "excluded_lines": 0, "percent_statements_covered": 100.0, "percent_statements_covered_display": "100"}, "missing_lines": [], "excluded_lines": [], "start_line": 38}, "RichConsoleUI.display_error": {"executed_lines": [71], "summary": {"covered_lines": 1, "num_statements": 1, "percent_covered": 100.0, "percent_covered_display": "100", "missing_lines": 0, "excluded_lines": 0, "percent_statements_covered": 100.0, "percent_statements_covered_display": "100"}, "missing_lines": [], "excluded_lines": [], "start_line": 70}, "RichConsoleUI.display_success": {"executed_lines": [74], "summary": {"covered_lines": 1, "num_statements": 1, "percent_covered": 100.0, "percent_covered_display": "100", "missing_lines": 0, "excluded_lines": 0, "percent_statements_covered": 100.0, "percent_statements_covered_display": "100"}, "missing_lines": [], "excluded_lines": [], "start_line": 73}, "RichConsoleUI.display_info": {"executed_lines": [77], "summary": {"covered_lines": 1, "num_statements": 1, "percent_covered": 100.0, "percent_covered_display": "100", "missing_lines": 0, "excluded_lines": 0, "percent_statements_covered": 100.0, "percent_statements_covered_display": "100"}, "missing_lines": [], "excluded_lines": [], "start_line": 76}, "RichConsoleUI.display_message": {"executed_lines": [80], "summary": {"covered_lines": 1, "num_statements": 1, "percent_covered": 100.0, "percent_covered_display": "100", "missing_lines": 0, "excluded_lines": 0, "percent_statements_covered": 100.0, "percent_statements_covered_display": "100"}, "missing_lines": [], "excluded_lines": [], "start_line": 79}, "RichConsoleUI.loading": {"executed_lines": [83], "summary": {"covered_lines": 1, "num_statements": 1, "percent_covered": 100.0, "percent_covered_display": "100", "missing_lines": 0, "excluded_lines": 0, "percent_statements_covered": 100.0, "percent_statements_covered_display": "100"}, "missing_lines": [], "excluded_lines": [], "start_line": 82}, "RichConsoleUI.display_stream": {"executed_lines": [86, 88, 89, 90, 91, 92], "summary": {"covered_lines": 6, "num_statements": 6, "percent_covered": 100.0, "percent_covered_display": "100", "missing_lines": 0, "excluded_lines": 0, "percent_statements_covered": 100.0, "percent_statements_covered_display": "100"}, "missing_lines": [], "excluded_lines": [], "start_line": 85}, "": {"executed_lines": [4, 5, 6, 7, 8, 9, 10, 11, 13, 15, 19, 29, 32, 35, 38, 70, 73, 76, 79, 82, 85], "summary": {"covered_lines": 21, "num_statements": 21, "percent_covered": 100.0, "percent_covered_display": "100", "missing_lines": 0, "excluded_lines": 0, "percent_statements_covered": 100.0, "percent_statements_covered_display": "100"}, "missing_lines": [], "excluded_lines": [], "start_line": 1}}, "classes": {"RichConsoleUI": {"executed_lines": [27, 30, 33, 36, 39, 40, 41, 43, 45, 46, 47, 51, 52, 53, 55, 57, 59, 60, 65, 66, 68, 71, 74, 77, 80, 83, 86, 88, 89, 90, 91, 92], "summary": {"covered_lines": 32, "num_statements": 32, "percent_covered": 100.0, "percent_covered_display": "100", "missing_lines": 0, "excluded_lines": 0, "percent_statements_covered": 100.0, "percent_statements_covered_display": "100"}, "missing_lines": [], "excluded_lines": [], "start_line": 15}, "": {"executed_lines": [4, 5, 6, 7, 8, 9, 10, 11, 13, 15, 19, 29, 32, 35, 38, 70, 73, 76, 79, 82, 85], "summary": {"covered_lines": 21, "num_statements": 21, "percent_covered": 100.0, "percent_covered_display": "100", "missing_lines": 0, "excluded_lines": 0, "percent_statements_covered": 100.0, "percent_statements_covered_display": "100"}, "missing_lines": [], "excluded_lines": [], "start_line": 1}}}, "src/core/visualization.py": {"executed_lines": [4, 5, 6, 7, 10, 12, 14, 15, 16, 17, 18, 19, 21, 24, 37, 38, 41, 42, 44, 47, 51, 53, 54, 55, 56, 59, 60, 61, 62, 64], "summary": {"covered_lines": 30, "num_statements": 30, "percent_covered": 100.0, "percent_covered_display": "100", "missing_lines": 0, "excluded_lines": 0, "percent_statements_covered": 100.0, "percent_statements_covered_display": "100"}, "missing_lines": [], "excluded_lines": [], "functions": {"MatplotlibVisualizer.generate_chart": {"executed_lines": [37, 38, 41, 42, 44, 47, 51, 53, 54, 55, 56, 59, 60, 61, 62, 64], "summary": {"covered_lines": 16, "num_statements": 16, "percent_covered": 100.0, "percent_covered_display": "100", "missing_lines": 0, "excluded_lines": 0, "percent_statements_covered": 100.0, "percent_statements_covered_display": "100"}, "missing_lines": [], "excluded_lines": [], "start_line": 24}, "": {"executed_lines": [4, 5, 6, 7, 10, 12, 14, 15, 16, 17, 18, 19, 21, 24], "summary": {"covered_lines": 14, "num_statements": 14, "percent_covered": 100.0, "percent_covered_display": "100", "missing_lines": 0, "excluded_lines": 0, "percent_statements_covered": 100.0, "percent_statements_covered_display": "100"}, "missing_lines": [], "excluded_lines": [], "start_line": 1}}, "classes": {"VisualizationConfig": {"executed_lines": [], "summary": {"covered_lines": 0, "num_statements": 0, "percent_covered": 100.0, "percent_covered_display": "100", "missing_lines": 0, "excluded_lines": 0, "percent_statements_covered": 100.0, "percent_statements_covered_display": "100"}, "missing_lines": [], "excluded_lines": [], "start_line": 12}, "MatplotlibVisualizer": {"executed_lines": [37, 38, 41, 42, 44, 47, 51, 53, 54, 55, 56, 59, 60, 61, 62, 64], "summary": {"covered_lines": 16, "num_statements": 16, "percent_covered": 100.0, "percent_covered_display": "100", "missing_lines": 0, "excluded_lines": 0, "percent_statements_covered": 100.0, "percent_statements_covered_display": "100"}, "missing_lines": [], "excluded_lines": [], "start_line": 21}, "": {"executed_lines": [4, 5, 6, 7, 10, 12, 14, 15, 16, 17, 18, 19, 21, 24], "summary": {"covered_lines": 14, "num_statements": 14, "percent_covered": 100.0, "percent_covered_display": "100", "missing_lines": 0, "excluded_lines": 0, "percent_statements_covered": 100.0, "percent_statements_covered_display": "100"}, "missing_lines": [], "excluded_lines": [], "start_line": 1}}}, "src/core/youtube.py": {"executed_lines": [4, 5, 6, 7, 9, 11, 15, 17, 18, 20, 24, 32, 37, 39, 40, 41, 42, 45, 48, 51, 52, 55, 56, 57, 58, 59, 68, 70, 74, 79, 80, 81, 82, 83, 84, 85, 87, 91, 97, 98, 99, 100, 102, 109, 112, 118, 119, 120, 122, 123, 124, 126], "summary": {"covered_lines": 52, "num_statements": 57, "percent_covered": 91.2280701754386, "percent_covered_display": "91", "missing_lines": 5, "excluded_lines": 0, "percent_statements_covered": 91.2280701754386, "percent_statements_covered_display": "91"}, "missing_lines": [25, 26, 30, 49, 110], "excluded_lines": [], "functions": {"YouTubeAPIClient.__init__": {"executed_lines": [18], "summary": {"covered_lines": 1, "num_statements": 1, "percent_covered": 100.0, "percent_covered_display": "100", "missing_lines": 0, "excluded_lines": 0, "percent_statements_covered": 100.0, "percent_statements_covered_display": "100"}, "missing_lines": [], "excluded_lines": [], "start_line": 17}, "YouTubeAPIClient._check_response": {"executed_lines": [24], "summary": {"covered_lines": 1, "num_statements": 4, "percent_covered": 25.0, "percent_covered_display": "25", "missing_lines": 3, "excluded_lines": 0, "percent_statements_covered": 25.0, "percent_statements_covered_display": "25"}, "missing_lines": [25, 26, 30], "excluded_lines": [], "start_line": 20}, "YouTubeAPIClient.get_channel_videos": {"executed_lines": [37, 39, 40, 41, 42, 45, 48, 51, 52, 55, 56, 57, 58, 59, 68], "summary": {"covered_lines": 15, "num_statements": 16, "percent_covered": 93.75, "percent_covered_display": "94", "missing_lines": 1, "excluded_lines": 0, "percent_statements_covered": 93.75, "percent_statements_covered_display": "94"}, "missing_lines": [49], "excluded_lines": [], "start_line": 32}, "YouTubeAPIClient._get_uploads_playlist_id": {"executed_lines": [74, 79, 80, 81, 82, 83, 84, 85], "summary": {"covered_lines": 8, "num_statements": 8, "percent_covered": 100.0, "percent_covered_display": "100", "missing_lines": 0, "excluded_lines": 0, "percent_statements_covered": 100.0, "percent_statements_covered_display": "100"}, "missing_lines": [], "excluded_lines": [], "start_line": 70}, "YouTubeAPIClient._get_playlist_items": {"executed_lines": [91, 97, 98, 99, 100], "summary": {"covered_lines": 5, "num_statements": 5, "percent_covered": 100.0, "percent_covered_display": "100", "missing_lines": 0, "excluded_lines": 0, "percent_statements_covered": 100.0, "percent_statements_covered_display": "100"}, "missing_lines": [], "excluded_lines": [], "start_line": 87}, "YouTubeAPIClient.get_video_statistics": {"executed_lines": [109, 112, 118, 119, 120, 122, 123, 124, 126], "summary": {"covered_lines": 9, "num_statements": 10, "percent_covered": 90.0, "percent_covered_display": "90", "missing_lines": 1, "excluded_lines": 0, "percent_statements_covered": 90.0, "percent_statements_covered_display": "90"}, "missing_lines": [110], "excluded_lines": [], "start_line": 102}, "": {"executed_lines": [4, 5, 6, 7, 9, 11, 15, 17, 20, 32, 70, 87, 102], "summary": {"covered_lines": 13, "num_statements": 13, "percent_covered": 100.0, "percent_covered_display": "100", "missing_lines": 0, "excluded_lines": 0, "percent_statements_covered": 100.0, "percent_statements_covered_display": "100"}, "missing_lines": [], "excluded_lines": [], "start_line": 1}}, "classes": {"YouTubeAPIClient": {"executed_lines": [18, 24, 37, 39, 40, 41, 42, 45, 48, 51, 52, 55, 56, 57, 58, 59, 68, 74, 79, 80, 81, 82, 83, 84, 85, 91, 97, 98, 99, 100, 109, 112, 118, 119, 120, 122, 123, 124, 126], "summary": {"covered_lines": 39, "num_statements": 44, "percent_covered": 88.63636363636364, "percent_covered_display": "89", "missing_lines": 5, "excluded_lines": 0, "percent_statements_covered": 88.63636363636364, "percent_statements_covered_display": "89"}, "missing_lines": [25, 26, 30, 49, 110], "excluded_lines": [], "start_line": 11}, "": {"executed_lines": [4, 5, 6, 7, 9, 11, 15, 17, 20, 32, 70, 87, 102], "summary": {"covered_lines": 13, "num_statements": 13, "percent_covered": 100.0, "percent_covered_display": "100", "missing_lines": 0, "excluded_lines": 0, "percent_statements_covered": 100.0, "percent_statements_covered_display": "100"}, "missing_lines": [], "excluded_lines": [], "start_line": 1}}}, "src/core/youtube_ingestion.py": {"executed_lines": [4, 5, 6, 8, 10, 11, 12, 14, 16, 21, 22, 23, 25, 30, 31, 33, 37, 39, 40, 44, 45, 48, 49, 50, 52, 61, 62, 63, 64, 65, 70], "summary": {"covered_lines": 31, "num_statements": 31, "percent_covered": 100.0, "percent_covered_display": "100", "missing_lines": 0, "excluded_lines": 0, "percent_statements_covered": 100.0, "percent_statements_covered_display": "100"}, "missing_lines": [], "excluded_lines": [], "functions": {"YouTubeIngestionService.__init__": {"executed_lines": [22, 23], "summary": {"covered_lines": 2, "num_statements": 2, "percent_covered": 100.0, "percent_covered_display": "100", "missing_lines": 0, "excluded_lines": 0, "percent_statements_covered": 100.0, "percent_statements_covered_display": "100"}, "missing_lines": [], "excluded_lines": [], "start_line": 21}, "YouTubeIngestionService.ingest_data": {"executed_lines": [30, 31], "summary": {"covered_lines": 2, "num_statements": 2, "percent_covered": 100.0, "percent_covered_display": "100", "missing_lines": 0, "excluded_lines": 0, "percent_statements_covered": 100.0, "percent_statements_covered_display": "100"}, "missing_lines": [], "excluded_lines": [], "start_line": 25}, "YouTubeIngestionService._fetch_and_transform": {"executed_lines": [37, 39, 40, 44, 45, 48, 49, 50, 52, 61, 62, 63, 64, 65, 70], "summary": {"covered_lines": 15, "num_statements": 15, "percent_covered": 100.0, "percent_covered_display": "100", "missing_lines": 0, "excluded_lines": 0, "percent_statements_covered": 100.0, "percent_statements_covered_display": "100"}, "missing_lines": [], "excluded_lines": [], "start_line": 33}, "": {"executed_lines": [4, 5, 6, 8, 10, 11, 12, 14, 16, 21, 25, 33], "summary": {"covered_lines": 12, "num_statements": 12, "percent_covered": 100.0, "percent_covered_display": "100", "missing_lines": 0, "excluded_lines": 0, "percent_statements_covered": 100.0, "percent_statements_covered_display": "100"}, "missing_lines": [], "excluded_lines": [], "start_line": 1}}, "classes": {"YouTubeIngestionService": {"executed_lines": [22, 23, 30, 31, 37, 39, 40, 44, 45, 48, 49, 50, 52, 61, 62, 63, 64, 65, 70], "summary": {"covered_lines": 19, "num_statements": 19, "percent_covered": 100.0, "percent_covered_display": "100", "missing_lines": 0, "excluded_lines": 0, "percent_statements_covered": 100.0, "percent_statements_covered_display": "100"}, "missing_lines": [], "excluded_lines": [], "start_line": 16}, "": {"executed_lines": [4, 5, 6, 8, 10, 11, 12, 14, 16, 21, 25, 33], "summary": {"covered_lines": 12, "num_statements": 12, "percent_covered": 100.0, "percent_covered_display": "100", "missing_lines": 0, "excluded_lines": 0, "percent_statements_covered": 100.0, "percent_statements_covered_display": "100"}, "missing_lines": [], "excluded_lines": [], "start_line": 1}}}}, "totals": {"covered_lines": 658, "num_statements": 785, "percent_covered": 83.82165605095541, "percent_covered_display": "84", "missing_lines": 127, "excluded_lines": 42, "percent_statements_covered": 83.82165605095541, "percent_statements_covered_display": "84"}}