{"meta": {"format": 3, "version": "7.13.4", "timestamp": "2026-02-11T23:19:47.437538", "branch_coverage": false, "show_contexts": true}, "files": {"src/__init__.py": {"executed_lines": [], "summary": {"covered_lines": 0, "num_statements": 0, "percent_covered": 100.0, "percent_covered_display": "100", "missing_lines": 0, "excluded_lines": 0, "percent_statements_covered": 100.0, "percent_statements_covered_display": "100"}, "missing_lines": [], "excluded_lines": [], "contexts": {"1": [""]}, "functions": {"": {"executed_lines": [], "summary": {"covered_lines": 0, "num_statements": 0, "percent_covered": 100.0, "percent_covered_display": "100", "missing_lines": 0, "excluded_lines": 0, "percent_statements_covered": 100.0, "percent_statements_covered_display": "100"}, "missing_lines": [], "excluded_lines": [], "start_line": 1, "contexts": {"1": [""]}}}, "classes": {"": {"executed_lines": [], "summary": {"covered_lines": 0, "num_statements": 0, "percent_covered": 100.0, "percent_covered_display": "100", "missing_lines": 0, "excluded_lines": 0, "percent_statements_covered": 100.0, "percent_statements_covered_display": "100"}, "missing_lines": [], "excluded_lines": [], "start_line": 1, "contexts": {"1": [""]}}}}, "src/core/__init__.py": {"executed_lines": [], "summary": {"covered_lines": 0, "num_statements": 0, "percent_covered": 100.0, "percent_covered_display": "100", "missing_lines": 0, "excluded_lines": 0, "percent_statements_covered": 100.0, "percent_statements_covered_display": "100"}, "missing_lines": [], "excluded_lines": [], "contexts": {"1": [""]}, "functions": {"": {"executed_lines": [], "summary": {"covered_lines": 0, "num_statements": 0, "percent_covered": 100.0, "percent_covered_display": "100", "missing_lines": 0, "excluded_lines": 0, "percent_statements_covered": 100.0, "percent_statements_covered_display": "100"}, "missing_lines": [], "excluded_lines": [], "start_line": 1, "contexts": {"1": [""]}}}, "classes": {"": {"executed_lines": [], "summary": {"covered_lines": 0, "num_statements": 0, "percent_covered": 100.0, "percent_covered_display": "100", "missing_lines": 0, "excluded_lines": 0, "percent_statements_covered": 100.0, "percent_statements_covered_display": "100"}, "missing_lines": [], "excluded_lines": [], "start_line": 1, "contexts": {"1": [""]}}}}, "src/core/ai.py": {"executed_lines": [4, 5, 6, 7, 8, 10, 14, 19, 23, 30], "summary": {"covered_lines": 10, "num_statements": 17, "percent_covered": 58.8235294117647, "percent_covered_display": "59", "missing_lines": 7, "excluded_lines": 0, "percent_statements_covered": 58.8235294117647, "percent_statements_covered_display": "59"}, "missing_lines": [20, 34, 37, 40, 41, 42, 44], "excluded_lines": [], "contexts": {"1": [""], "4": [""], "5": [""], "6": [""], "7": [""], "8": [""], "10": [""], "11": [""], "14": [""], "30": [""], "19": ["tests/test_security_validation.py::test_agent_analyze_semantics_typed|run", "tests/test_core.py::test_gemini_agent_output|run"], "23": ["tests/test_security_validation.py::test_agent_analyze_semantics_typed|run", "tests/test_core.py::test_gemini_agent_output|run"], "24": ["tests/test_security_validation.py::test_agent_analyze_semantics_typed|run", "tests/test_core.py::test_gemini_agent_output|run"]}, "functions": {"GeminiThinkingAgent.analyze_semantics": {"executed_lines": [19, 23], "summary": {"covered_lines": 2, "num_statements": 3, "percent_covered": 66.66666666666667, "percent_covered_display": "67", "missing_lines": 1, "excluded_lines": 0, "percent_statements_covered": 66.66666666666667, "percent_statements_covered_display": "67"}, "missing_lines": [20], "excluded_lines": [], "start_line": 14, "contexts": {"1": [""], "4": [""], "5": [""], "6": [""], "7": [""], "8": [""], "10": [""], "11": [""], "14": [""], "30": [""], "19": ["tests/test_security_validation.py::test_agent_analyze_semantics_typed|run", "tests/test_core.py::test_gemini_agent_output|run"], "23": ["tests/test_security_validation.py::test_agent_analyze_semantics_typed|run", "tests/test_core.py::test_gemini_agent_output|run"], "24": ["tests/test_security_validation.py::test_agent_analyze_semantics_typed|run", "tests/test_core.py::test_gemini_agent_output|run"]}}, "GeminiThinkingAgent.analyze_stream": {"executed_lines": [], "summary": {"covered_lines": 0, "num_statements": 6, "percent_covered": 0.0, "percent_covered_display": "0", "missing_lines": 6, "excluded_lines": 0, "percent_statements_covered": 0.0, "percent_statements_covered_display": "0"}, "missing_lines": [34, 37, 40, 41, 42, 44], "excluded_lines": [], "start_line": 30, "contexts": {"1": [""], "4": [""], "5": [""], "6": [""], "7": [""], "8": [""], "10": [""], "11": [""], "14": [""], "30": [""], "19": ["tests/test_security_validation.py::test_agent_analyze_semantics_typed|run", "tests/test_core.py::test_gemini_agent_output|run"], "23": ["tests/test_security_validation.py::test_agent_analyze_semantics_typed|run", "tests/test_core.py::test_gemini_agent_output|run"], "24": ["tests/test_security_validation.py::test_agent_analyze_semantics_typed|run", "tests/test_core.py::test_gemini_agent_output|run"]}}, "": {"executed_lines": [4, 5, 6, 7, 8, 10, 14, 30], "summary": {"covered_lines": 8, "num_statements": 8, "percent_covered": 100.0, "percent_covered_display": "100", "missing_lines": 0, "excluded_lines": 0, "percent_statements_covered": 100.0, "percent_statements_covered_display": "100"}, "missing_lines": [], "excluded_lines": [], "start_line": 1, "contexts": {"1": [""], "4": [""], "5": [""], "6": [""], "7": [""], "8": [""], "10": [""], "11": [""], "14": [""], "30": [""], "19": ["tests/test_security_validation.py::test_agent_analyze_semantics_typed|run", "tests/test_core.py::test_gemini_agent_output|run"], "23": ["tests/test_security_validation.py::test_agent_analyze_semantics_typed|run", "tests/test_core.py::test_gemini_agent_output|run"], "24": ["tests/test_security_validation.py::test_agent_analyze_semantics_typed|run", "tests/test_core.py::test_gemini_agent_output|run"]}}}, "classes": {"GeminiThinkingAgent": {"executed_lines": [19, 23], "summary": {"covered_lines": 2, "num_statements": 9, "percent_covered": 22.22222222222222, "percent_covered_display": "22", "missing_lines": 7, "excluded_lines": 0, "percent_statements_covered": 22.22222222222222, "percent_statements_covered_display": "22"}, "missing_lines": [20, 34, 37, 40, 41, 42, 44], "excluded_lines": [], "start_line": 10, "contexts": {"1": [""], "4": [""], "5": [""], "6": [""], "7": [""], "8": [""], "10": [""], "11": [""], "14": [""], "30": [""], "19": ["tests/test_security_validation.py::test_agent_analyze_semantics_typed|run", "tests/test_core.py::test_gemini_agent_output|run"], "23": ["tests/test_security_validation.py::test_agent_analyze_semantics_typed|run", "tests/test_core.py::test_gemini_agent_output|run"], "24": ["tests/test_security_validation.py::test_agent_analyze_semantics_typed|run", "tests/test_core.py::test_gemini_agent_output|run"]}}, "": {"executed_lines": [4, 5, 6, 7, 8, 10, 14, 30], "summary": {"covered_lines": 8, "num_statements": 8, "percent_covered": 100.0, "percent_covered_display": "100", "missing_lines": 0, "excluded_lines": 0, "percent_statements_covered": 100.0, "percent_statements_covered_display": "100"}, "missing_lines": [], "excluded_lines": [], "start_line": 1, "contexts": {"1": [""], "4": [""], "5": [""], "6": [""], "7": [""], "8": [""], "10": [""], "11": [""], "14": [""], "30": [""], "19": ["tests/test_security_validation.py::test_agent_analyze_semantics_typed|run", "tests/test_core.py::test_gemini_agent_output|run"], "23": ["tests/test_security_validation.py::test_agent_analyze_semantics_typed|run", "tests/test_core.py::test_gemini_agent_output|run"], "24": ["tests/test_security_validation.py::test_agent_analyze_semantics_typed|run", "tests/test_core.py::test_gemini_agent_output|run"]}}}}, "src/core/app.py": {"executed_lines": [5, 6, 7, 8, 9, 10, 11, 12, 13, 14, 17, 19, 23, 25, 26, 27, 29, 34, 36, 42, 43, 44, 53, 55, 57, 61, 62, 64, 65, 67, 69, 73, 74, 76, 78, 83, 84, 85, 88, 89, 90, 91, 92, 95, 97, 98, 107, 108, 109, 111, 112, 113, 114, 116, 117, 120, 121, 122, 123, 124, 129], "summary": {"covered_lines": 61, "num_statements": 69, "percent_covered": 88.40579710144928, "percent_covered_display": "88", "missing_lines": 8, "excluded_lines": 0, "percent_statements_covered": 88.40579710144928, "percent_statements_covered_display": "88"}, "missing_lines": [99, 100, 102, 103, 104, 125, 126, 127], "excluded_lines": [], "contexts": {"1": [""], "5": [""], "6": [""], "7": [""], "8": [""], "9": [""], "10": [""], "11": [""], "12": [""], "13": [""], "14": [""], "17": [""], "19": [""], "20": [""], "23": [""], "29": [""], "57": [""], "69": [""], "78": [""], "25": ["tests/test_core.py::test_outlier_detection_dynamic_types|run", "tests/test_core.py::test_agent_initialization|run", "tests/test_core.py::test_prepare_agent_input|run", "tests/test_core.py::test_outlier_detection|run", "tests/test_core.py::test_ingest_data_structure|run", "tests/test_ui_integration.py::test_app_integration_with_ui|run"], "26": ["tests/test_core.py::test_outlier_detection_dynamic_types|run", "tests/test_core.py::test_agent_initialization|run", "tests/test_core.py::test_prepare_agent_input|run", "tests/test_core.py::test_outlier_detection|run", "tests/test_core.py::test_ingest_data_structure|run", "tests/test_ui_integration.py::test_app_integration_with_ui|run"], "27": ["tests/test_core.py::test_outlier_detection_dynamic_types|run", "tests/test_core.py::test_agent_initialization|run", "tests/test_core.py::test_prepare_agent_input|run", "tests/test_core.py::test_outlier_detection|run", "tests/test_core.py::test_ingest_data_structure|run", "tests/test_ui_integration.py::test_app_integration_with_ui|run"], "34": ["tests/test_core.py::test_ingest_data_structure|run", "tests/test_ui_integration.py::test_app_integration_with_ui|run"], "36": ["tests/test_core.py::test_ingest_data_structure|run", "tests/test_ui_integration.py::test_app_integration_with_ui|run"], "40": ["tests/test_core.py::test_ingest_data_structure|run", "tests/test_ui_integration.py::test_app_integration_with_ui|run"], "42": ["tests/test_core.py::test_ingest_data_structure|run", "tests/test_ui_integration.py::test_app_integration_with_ui|run"], "43": ["tests/test_core.py::test_ingest_data_structure|run", "tests/test_ui_integration.py::test_app_integration_with_ui|run"], "44": ["tests/test_core.py::test_ingest_data_structure|run", "tests/test_ui_integration.py::test_app_integration_with_ui|run"], "45": ["tests/test_core.py::test_ingest_data_structure|run", "tests/test_ui_integration.py::test_app_integration_with_ui|run"], "46": ["tests/test_core.py::test_ingest_data_structure|run", "tests/test_ui_integration.py::test_app_integration_with_ui|run"], "47": ["tests/test_core.py::test_ingest_data_structure|run", "tests/test_ui_integration.py::test_app_integration_with_ui|run"], "48": ["tests/test_core.py::test_ingest_data_structure|run", "tests/test_ui_integration.py::test_app_integration_with_ui|run"], "49": ["tests/test_core.py::test_ingest_data_structure|run", "tests/test_ui_integration.py::test_app_integration_with_ui|run"], "53": ["tests/test_core.py::test_ingest_data_structure|run", "tests/test_ui_integration.py::test_app_integration_with_ui|run"], "55": ["tests/test_core.py::test_ingest_data_structure|run", "tests/test_ui_integration.py::test_app_integration_with_ui|run"], "61": ["tests/test_core.py::test_outlier_detection_dynamic_types|run", "tests/test_ui_integration.py::test_app_integration_with_ui|run", "tests/test_core.py::test_outlier_detection|run"], "62": ["tests/test_core.py::test_outlier_detection_dynamic_types|run", "tests/test_ui_integration.py::test_app_integration_with_ui|run", "tests/test_core.py::test_outlier_detection|run"], "64": ["tests/test_core.py::test_outlier_detection_dynamic_types|run", "tests/test_ui_integration.py::test_app_integration_with_ui|run", "tests/test_core.py::test_outlier_detection|run"], "65": ["tests/test_core.py::test_outlier_detection_dynamic_types|run", "tests/test_ui_integration.py::test_app_integration_with_ui|run", "tests/test_core.py::test_outlier_detection|run"], "67": ["tests/test_core.py::test_outlier_detection_dynamic_types|run", "tests/test_ui_integration.py::test_app_integration_with_ui|run", "tests/test_core.py::test_outlier_detection|run"], "73": ["tests/test_core.py::test_prepare_agent_input|run", "tests/test_ui_integration.py::test_app_integration_with_ui|run"], "74": ["tests/test_core.py::test_prepare_agent_input|run", "tests/test_ui_integration.py::test_app_integration_with_ui|run"], "76": ["tests/test_core.py::test_prepare_agent_input|run", "tests/test_ui_integration.py::test_app_integration_with_ui|run"], "83": ["tests/test_ui_integration.py::test_app_integration_with_ui|run"], "84": ["tests/test_ui_integration.py::test_app_integration_with_ui|run"], "85": ["tests/test_ui_integration.py::test_app_integration_with_ui|run"], "88": ["tests/test_ui_integration.py::test_app_integration_with_ui|run"], "89": ["tests/test_ui_integration.py::test_app_integration_with_ui|run"], "90": ["tests/test_ui_integration.py::test_app_integration_with_ui|run"], "91": ["tests/test_ui_integration.py::test_app_integration_with_ui|run"], "92": ["tests/test_ui_integration.py::test_app_integration_with_ui|run"], "95": ["tests/test_ui_integration.py::test_app_integration_with_ui|run"], "97": ["tests/test_ui_integration.py::test_app_integration_with_ui|run"], "98": ["tests/test_ui_integration.py::test_app_integration_with_ui|run"], "107": ["tests/test_ui_integration.py::test_app_integration_with_ui|run"], "108": ["tests/test_ui_integration.py::test_app_integration_with_ui|run"], "109": ["tests/test_ui_integration.py::test_app_integration_with_ui|run"], "111": ["tests/test_ui_integration.py::test_app_integration_with_ui|run"], "112": ["tests/test_ui_integration.py::test_app_integration_with_ui|run"], "113": ["tests/test_ui_integration.py::test_app_integration_with_ui|run"], "114": ["tests/test_ui_integration.py::test_app_integration_with_ui|run"], "116": ["tests/test_ui_integration.py::test_app_integration_with_ui|run"], "117": ["tests/test_ui_integration.py::test_app_integration_with_ui|run"], "120": ["tests/test_ui_integration.py::test_app_integration_with_ui|run"], "121": ["tests/test_ui_integration.py::test_app_integration_with_ui|run"], "122": ["tests/test_ui_integration.py::test_app_integration_with_ui|run"], "123": ["tests/test_ui_integration.py::test_app_integration_with_ui|run"], "124": ["tests/test_ui_integration.py::test_app_integration_with_ui|run"], "129": ["tests/test_ui_integration.py::test_app_integration_with_ui|run"]}, "functions": {"BachataAnalyticsApp.__init__": {"executed_lines": [25, 26, 27], "summary": {"covered_lines": 3, "num_statements": 3, "percent_covered": 100.0, "percent_covered_display": "100", "missing_lines": 0, "excluded_lines": 0, "percent_statements_covered": 100.0, "percent_statements_covered_display": "100"}, "missing_lines": [], "excluded_lines": [], "start_line": 23, "contexts": {"1": [""], "5": [""], "6": [""], "7": [""], "8": [""], "9": [""], "10": [""], "11": [""], "12": [""], "13": [""], "14": [""], "17": [""], "19": [""], "20": [""], "23": [""], "29": [""], "57": [""], "69": [""], "78": [""], "25": ["tests/test_core.py::test_outlier_detection_dynamic_types|run", "tests/test_core.py::test_agent_initialization|run", "tests/test_core.py::test_prepare_agent_input|run", "tests/test_core.py::test_outlier_detection|run", "tests/test_core.py::test_ingest_data_structure|run", "tests/test_ui_integration.py::test_app_integration_with_ui|run"], "26": ["tests/test_core.py::test_outlier_detection_dynamic_types|run", "tests/test_core.py::test_agent_initialization|run", "tests/test_core.py::test_prepare_agent_input|run", "tests/test_core.py::test_outlier_detection|run", "tests/test_core.py::test_ingest_data_structure|run", "tests/test_ui_integration.py::test_app_integration_with_ui|run"], "27": ["tests/test_core.py::test_outlier_detection_dynamic_types|run", "tests/test_core.py::test_agent_initialization|run", "tests/test_core.py::test_prepare_agent_input|run", "tests/test_core.py::test_outlier_detection|run", "tests/test_core.py::test_ingest_data_structure|run", "tests/test_ui_integration.py::test_app_integration_with_ui|run"], "34": ["tests/test_core.py::test_ingest_data_structure|run", "tests/test_ui_integration.py::test_app_integration_with_ui|run"], "36": ["tests/test_core.py::test_ingest_data_structure|run", "tests/test_ui_integration.py::test_app_integration_with_ui|run"], "40": ["tests/test_core.py::test_ingest_data_structure|run", "tests/test_ui_integration.py::test_app_integration_with_ui|run"], "42": ["tests/test_core.py::test_ingest_data_structure|run", "tests/test_ui_integration.py::test_app_integration_with_ui|run"], "43": ["tests/test_core.py::test_ingest_data_structure|run", "tests/test_ui_integration.py::test_app_integration_with_ui|run"], "44": ["tests/test_core.py::test_ingest_data_structure|run", "tests/test_ui_integration.py::test_app_integration_with_ui|run"], "45": ["tests/test_core.py::test_ingest_data_structure|run", "tests/test_ui_integration.py::test_app_integration_with_ui|run"], "46": ["tests/test_core.py::test_ingest_data_structure|run", "tests/test_ui_integration.py::test_app_integration_with_ui|run"], "47": ["tests/test_core.py::test_ingest_data_structure|run", "tests/test_ui_integration.py::test_app_integration_with_ui|run"], "48": ["tests/test_core.py::test_ingest_data_structure|run", "tests/test_ui_integration.py::test_app_integration_with_ui|run"], "49": ["tests/test_core.py::test_ingest_data_structure|run", "tests/test_ui_integration.py::test_app_integration_with_ui|run"], "53": ["tests/test_core.py::test_ingest_data_structure|run", "tests/test_ui_integration.py::test_app_integration_with_ui|run"], "55": ["tests/test_core.py::test_ingest_data_structure|run", "tests/test_ui_integration.py::test_app_integration_with_ui|run"], "61": ["tests/test_core.py::test_outlier_detection_dynamic_types|run", "tests/test_ui_integration.py::test_app_integration_with_ui|run", "tests/test_core.py::test_outlier_detection|run"], "62": ["tests/test_core.py::test_outlier_detection_dynamic_types|run", "tests/test_ui_integration.py::test_app_integration_with_ui|run", "tests/test_core.py::test_outlier_detection|run"], "64": ["tests/test_core.py::test_outlier_detection_dynamic_types|run", "tests/test_ui_integration.py::test_app_integration_with_ui|run", "tests/test_core.py::test_outlier_detection|run"], "65": ["tests/test_core.py::test_outlier_detection_dynamic_types|run", "tests/test_ui_integration.py::test_app_integration_with_ui|run", "tests/test_core.py::test_outlier_detection|run"], "67": ["tests/test_core.py::test_outlier_detection_dynamic_types|run", "tests/test_ui_integration.py::test_app_integration_with_ui|run", "tests/test_core.py::test_outlier_detection|run"], "73": ["tests/test_core.py::test_prepare_agent_input|run", "tests/test_ui_integration.py::test_app_integration_with_ui|run"], "74": ["tests/test_core.py::test_prepare_agent_input|run", "tests/test_ui_integration.py::test_app_integration_with_ui|run"], "76": ["tests/test_core.py::test_prepare_agent_input|run", "tests/test_ui_integration.py::test_app_integration_with_ui|run"], "83": ["tests/test_ui_integration.py::test_app_integration_with_ui|run"], "84": ["tests/test_ui_integration.py::test_app_integration_with_ui|run"], "85": ["tests/test_ui_integration.py::test_app_integration_with_ui|run"], "88": ["tests/test_ui_integration.py::test_app_integration_with_ui|run"], "89": ["tests/test_ui_integration.py::test_app_integration_with_ui|run"], "90": ["tests/test_ui_integration.py::test_app_integration_with_ui|run"], "91": ["tests/test_ui_integration.py::test_app_integration_with_ui|run"], "92": ["tests/test_ui_integration.py::test_app_integration_with_ui|run"], "95": ["tests/test_ui_integration.py::test_app_integration_with_ui|run"], "97": ["tests/test_ui_integration.py::test_app_integration_with_ui|run"], "98": ["tests/test_ui_integration.py::test_app_integration_with_ui|run"], "107": ["tests/test_ui_integration.py::test_app_integration_with_ui|run"], "108": ["tests/test_ui_integration.py::test_app_integration_with_ui|run"], "109": ["tests/test_ui_integration.py::test_app_integration_with_ui|run"], "111": ["tests/test_ui_integration.py::test_app_integration_with_ui|run"], "112": ["tests/test_ui_integration.py::test_app_integration_with_ui|run"], "113": ["tests/test_ui_integration.py::test_app_integration_with_ui|run"], "114": ["tests/test_ui_integration.py::test_app_integration_with_ui|run"], "116": ["tests/test_ui_integration.py::test_app_integration_with_ui|run"], "117": ["tests/test_ui_integration.py::test_app_integration_with_ui|run"], "120": ["tests/test_ui_integration.py::test_app_integration_with_ui|run"], "121": ["tests/test_ui_integration.py::test_app_integration_with_ui|run"], "122": ["tests/test_ui_integration.py::test_app_integration_with_ui|run"], "123": ["tests/test_ui_integration.py::test_app_integration_with_ui|run"], "124": ["tests/test_ui_integration.py::test_app_integration_with_ui|run"], "129": ["tests/test_ui_integration.py::test_app_integration_with_ui|run"]}}, "BachataAnalyticsApp.ingest_data": {"executed_lines": [34, 36, 42, 43, 44, 53, 55], "summary": {"covered_lines": 7, "num_statements": 7, "percent_covered": 100.0, "percent_covered_display": "100", "missing_lines": 0, "excluded_lines": 0, "percent_statements_covered": 100.0, "percent_statements_covered_display": "100"}, "missing_lines": [], "excluded_lines": [], "start_line": 29, "contexts": {"1": [""], "5": [""], "6": [""], "7": [""], "8": [""], "9": [""], "10": [""], "11": [""], "12": [""], "13": [""], "14": [""], "17": [""], "19": [""], "20": [""], "23": [""], "29": [""], "57": [""], "69": [""], "78": [""], "25": ["tests/test_core.py::test_outlier_detection_dynamic_types|run", "tests/test_core.py::test_agent_initialization|run", "tests/test_core.py::test_prepare_agent_input|run", "tests/test_core.py::test_outlier_detection|run", "tests/test_core.py::test_ingest_data_structure|run", "tests/test_ui_integration.py::test_app_integration_with_ui|run"], "26": ["tests/test_core.py::test_outlier_detection_dynamic_types|run", "tests/test_core.py::test_agent_initialization|run", "tests/test_core.py::test_prepare_agent_input|run", "tests/test_core.py::test_outlier_detection|run", "tests/test_core.py::test_ingest_data_structure|run", "tests/test_ui_integration.py::test_app_integration_with_ui|run"], "27": ["tests/test_core.py::test_outlier_detection_dynamic_types|run", "tests/test_core.py::test_agent_initialization|run", "tests/test_core.py::test_prepare_agent_input|run", "tests/test_core.py::test_outlier_detection|run", "tests/test_core.py::test_ingest_data_structure|run", "tests/test_ui_integration.py::test_app_integration_with_ui|run"], "34": ["tests/test_core.py::test_ingest_data_structure|run", "tests/test_ui_integration.py::test_app_integration_with_ui|run"], "36": ["tests/test_core.py::test_ingest_data_structure|run", "tests/test_ui_integration.py::test_app_integration_with_ui|run"], "40": ["tests/test_core.py::test_ingest_data_structure|run", "tests/test_ui_integration.py::test_app_integration_with_ui|run"], "42": ["tests/test_core.py::test_ingest_data_structure|run", "tests/test_ui_integration.py::test_app_integration_with_ui|run"], "43": ["tests/test_core.py::test_ingest_data_structure|run", "tests/test_ui_integration.py::test_app_integration_with_ui|run"], "44": ["tests/test_core.py::test_ingest_data_structure|run", "tests/test_ui_integration.py::test_app_integration_with_ui|run"], "45": ["tests/test_core.py::test_ingest_data_structure|run", "tests/test_ui_integration.py::test_app_integration_with_ui|run"], "46": ["tests/test_core.py::test_ingest_data_structure|run", "tests/test_ui_integration.py::test_app_integration_with_ui|run"], "47": ["tests/test_core.py::test_ingest_data_structure|run", "tests/test_ui_integration.py::test_app_integration_with_ui|run"], "48": ["tests/test_core.py::test_ingest_data_structure|run", "tests/test_ui_integration.py::test_app_integration_with_ui|run"], "49": ["tests/test_core.py::test_ingest_data_structure|run", "tests/test_ui_integration.py::test_app_integration_with_ui|run"], "53": ["tests/test_core.py::test_ingest_data_structure|run", "tests/test_ui_integration.py::test_app_integration_with_ui|run"], "55": ["tests/test_core.py::test_ingest_data_structure|run", "tests/test_ui_integration.py::test_app_integration_with_ui|run"], "61": ["tests/test_core.py::test_outlier_detection_dynamic_types|run", "tests/test_ui_integration.py::test_app_integration_with_ui|run", "tests/test_core.py::test_outlier_detection|run"], "62": ["tests/test_core.py::test_outlier_detection_dynamic_types|run", "tests/test_ui_integration.py::test_app_integration_with_ui|run", "tests/test_core.py::test_outlier_detection|run"], "64": ["tests/test_core.py::test_outlier_detection_dynamic_types|run", "tests/test_ui_integration.py::test_app_integration_with_ui|run", "tests/test_core.py::test_outlier_detection|run"], "65": ["tests/test_core.py::test_outlier_detection_dynamic_types|run", "tests/test_ui_integration.py::test_app_integration_with_ui|run", "tests/test_core.py::test_outlier_detection|run"], "67": ["tests/test_core.py::test_outlier_detection_dynamic_types|run", "tests/test_ui_integration.py::test_app_integration_with_ui|run", "tests/test_core.py::test_outlier_detection|run"], "73": ["tests/test_core.py::test_prepare_agent_input|run", "tests/test_ui_integration.py::test_app_integration_with_ui|run"], "74": ["tests/test_core.py::test_prepare_agent_input|run", "tests/test_ui_integration.py::test_app_integration_with_ui|run"], "76": ["tests/test_core.py::test_prepare_agent_input|run", "tests/test_ui_integration.py::test_app_integration_with_ui|run"], "83": ["tests/test_ui_integration.py::test_app_integration_with_ui|run"], "84": ["tests/test_ui_integration.py::test_app_integration_with_ui|run"], "85": ["tests/test_ui_integration.py::test_app_integration_with_ui|run"], "88": ["tests/test_ui_integration.py::test_app_integration_with_ui|run"], "89": ["tests/test_ui_integration.py::test_app_integration_with_ui|run"], "90": ["tests/test_ui_integration.py::test_app_integration_with_ui|run"], "91": ["tests/test_ui_integration.py::test_app_integration_with_ui|run"], "92": ["tests/test_ui_integration.py::test_app_integration_with_ui|run"], "95": ["tests/test_ui_integration.py::test_app_integration_with_ui|run"], "97": ["tests/test_ui_integration.py::test_app_integration_with_ui|run"], "98": ["tests/test_ui_integration.py::test_app_integration_with_ui|run"], "107": ["tests/test_ui_integration.py::test_app_integration_with_ui|run"], "108": ["tests/test_ui_integration.py::test_app_integration_with_ui|run"], "109": ["tests/test_ui_integration.py::test_app_integration_with_ui|run"], "111": ["tests/test_ui_integration.py::test_app_integration_with_ui|run"], "112": ["tests/test_ui_integration.py::test_app_integration_with_ui|run"], "113": ["tests/test_ui_integration.py::test_app_integration_with_ui|run"], "114": ["tests/test_ui_integration.py::test_app_integration_with_ui|run"], "116": ["tests/test_ui_integration.py::test_app_integration_with_ui|run"], "117": ["tests/test_ui_integration.py::test_app_integration_with_ui|run"], "120": ["tests/test_ui_integration.py::test_app_integration_with_ui|run"], "121": ["tests/test_ui_integration.py::test_app_integration_with_ui|run"], "122": ["tests/test_ui_integration.py::test_app_integration_with_ui|run"], "123": ["tests/test_ui_integration.py::test_app_integration_with_ui|run"], "124": ["tests/test_ui_integration.py::test_app_integration_with_ui|run"], "129": ["tests/test_ui_integration.py::test_app_integration_with_ui|run"]}}, "BachataAnalyticsApp.detect_outliers": {"executed_lines": [61, 62, 64, 65, 67], "summary": {"covered_lines": 5, "num_statements": 5, "percent_covered": 100.0, "percent_covered_display": "100", "missing_lines": 0, "excluded_lines": 0, "percent_statements_covered": 100.0, "percent_statements_covered_display": "100"}, "missing_lines": [], "excluded_lines": [], "start_line": 57, "contexts": {"1": [""], "5": [""], "6": [""], "7": [""], "8": [""], "9": [""], "10": [""], "11": [""], "12": [""], "13": [""], "14": [""], "17": [""], "19": [""], "20": [""], "23": [""], "29": [""], "57": [""], "69": [""], "78": [""], "25": ["tests/test_core.py::test_outlier_detection_dynamic_types|run", "tests/test_core.py::test_agent_initialization|run", "tests/test_core.py::test_prepare_agent_input|run", "tests/test_core.py::test_outlier_detection|run", "tests/test_core.py::test_ingest_data_structure|run", "tests/test_ui_integration.py::test_app_integration_with_ui|run"], "26": ["tests/test_core.py::test_outlier_detection_dynamic_types|run", "tests/test_core.py::test_agent_initialization|run", "tests/test_core.py::test_prepare_agent_input|run", "tests/test_core.py::test_outlier_detection|run", "tests/test_core.py::test_ingest_data_structure|run", "tests/test_ui_integration.py::test_app_integration_with_ui|run"], "27": ["tests/test_core.py::test_outlier_detection_dynamic_types|run", "tests/test_core.py::test_agent_initialization|run", "tests/test_core.py::test_prepare_agent_input|run", "tests/test_core.py::test_outlier_detection|run", "tests/test_core.py::test_ingest_data_structure|run", "tests/test_ui_integration.py::test_app_integration_with_ui|run"], "34": ["tests/test_core.py::test_ingest_data_structure|run", "tests/test_ui_integration.py::test_app_integration_with_ui|run"], "36": ["tests/test_core.py::test_ingest_data_structure|run", "tests/test_ui_integration.py::test_app_integration_with_ui|run"], "40": ["tests/test_core.py::test_ingest_data_structure|run", "tests/test_ui_integration.py::test_app_integration_with_ui|run"], "42": ["tests/test_core.py::test_ingest_data_structure|run", "tests/test_ui_integration.py::test_app_integration_with_ui|run"], "43": ["tests/test_core.py::test_ingest_data_structure|run", "tests/test_ui_integration.py::test_app_integration_with_ui|run"], "44": ["tests/test_core.py::test_ingest_data_structure|run", "tests/test_ui_integration.py::test_app_integration_with_ui|run"], "45": ["tests/test_core.py::test_ingest_data_structure|run", "tests/test_ui_integration.py::test_app_integration_with_ui|run"], "46": ["tests/test_core.py::test_ingest_data_structure|run", "tests/test_ui_integration.py::test_app_integration_with_ui|run"], "47": ["tests/test_core.py::test_ingest_data_structure|run", "tests/test_ui_integration.py::test_app_integration_with_ui|run"], "48": ["tests/test_core.py::test_ingest_data_structure|run", "tests/test_ui_integration.py::test_app_integration_with_ui|run"], "49": ["tests/test_core.py::test_ingest_data_structure|run", "tests/test_ui_integration.py::test_app_integration_with_ui|run"], "53": ["tests/test_core.py::test_ingest_data_structure|run", "tests/test_ui_integration.py::test_app_integration_with_ui|run"], "55": ["tests/test_core.py::test_ingest_data_structure|run", "tests/test_ui_integration.py::test_app_integration_with_ui|run"], "61": ["tests/test_core.py::test_outlier_detection_dynamic_types|run", "tests/test_ui_integration.py::test_app_integration_with_ui|run", "tests/test_core.py::test_outlier_detection|run"], "62": ["tests/test_core.py::test_outlier_detection_dynamic_types|run", "tests/test_ui_integration.py::test_app_integration_with_ui|run", "tests/test_core.py::test_outlier_detection|run"], "64": ["tests/test_core.py::test_outlier_detection_dynamic_types|run", "tests/test_ui_integration.py::test_app_integration_with_ui|run", "tests/test_core.py::test_outlier_detection|run"], "65": ["tests/test_core.py::test_outlier_detection_dynamic_types|run", "tests/test_ui_integration.py::test_app_integration_with_ui|run", "tests/test_core.py::test_outlier_detection|run"], "67": ["tests/test_core.py::test_outlier_detection_dynamic_types|run", "tests/test_ui_integration.py::test_app_integration_with_ui|run", "tests/test_core.py::test_outlier_detection|run"], "73": ["tests/test_core.py::test_prepare_agent_input|run", "tests/test_ui_integration.py::test_app_integration_with_ui|run"], "74": ["tests/test_core.py::test_prepare_agent_input|run", "tests/test_ui_integration.py::test_app_integration_with_ui|run"], "76": ["tests/test_core.py::test_prepare_agent_input|run", "tests/test_ui_integration.py::test_app_integration_with_ui|run"], "83": ["tests/test_ui_integration.py::test_app_integration_with_ui|run"], "84": ["tests/test_ui_integration.py::test_app_integration_with_ui|run"], "85": ["tests/test_ui_integration.py::test_app_integration_with_ui|run"], "88": ["tests/test_ui_integration.py::test_app_integration_with_ui|run"], "89": ["tests/test_ui_integration.py::test_app_integration_with_ui|run"], "90": ["tests/test_ui_integration.py::test_app_integration_with_ui|run"], "91": ["tests/test_ui_integration.py::test_app_integration_with_ui|run"], "92": ["tests/test_ui_integration.py::test_app_integration_with_ui|run"], "95": ["tests/test_ui_integration.py::test_app_integration_with_ui|run"], "97": ["tests/test_ui_integration.py::test_app_integration_with_ui|run"], "98": ["tests/test_ui_integration.py::test_app_integration_with_ui|run"], "107": ["tests/test_ui_integration.py::test_app_integration_with_ui|run"], "108": ["tests/test_ui_integration.py::test_app_integration_with_ui|run"], "109": ["tests/test_ui_integration.py::test_app_integration_with_ui|run"], "111": ["tests/test_ui_integration.py::test_app_integration_with_ui|run"], "112": ["tests/test_ui_integration.py::test_app_integration_with_ui|run"], "113": ["tests/test_ui_integration.py::test_app_integration_with_ui|run"], "114": ["tests/test_ui_integration.py::test_app_integration_with_ui|run"], "116": ["tests/test_ui_integration.py::test_app_integration_with_ui|run"], "117": ["tests/test_ui_integration.py::test_app_integration_with_ui|run"], "120": ["tests/test_ui_integration.py::test_app_integration_with_ui|run"], "121": ["tests/test_ui_integration.py::test_app_integration_with_ui|run"], "122": ["tests/test_ui_integration.py::test_app_integration_with_ui|run"], "123": ["tests/test_ui_integration.py::test_app_integration_with_ui|run"], "124": ["tests/test_ui_integration.py::test_app_integration_with_ui|run"], "129": ["tests/test_ui_integration.py::test_app_integration_with_ui|run"]}}, "BachataAnalyticsApp._prepare_agent_input": {"executed_lines": [73, 74, 76], "summary": {"covered_lines": 3, "num_statements": 3, "percent_covered": 100.0, "percent_covered_display": "100", "missing_lines": 0, "excluded_lines": 0, "percent_statements_covered": 100.0, "percent_statements_covered_display": "100"}, "missing_lines": [], "excluded_lines": [], "start_line": 69, "contexts": {"1": [""], "5": [""], "6": [""], "7": [""], "8": [""], "9": [""], "10": [""], "11": [""], "12": [""], "13": [""], "14": [""], "17": [""], "19": [""], "20": [""], "23": [""], "29": [""], "57": [""], "69": [""], "78": [""], "25": ["tests/test_core.py::test_outlier_detection_dynamic_types|run", "tests/test_core.py::test_agent_initialization|run", "tests/test_core.py::test_prepare_agent_input|run", "tests/test_core.py::test_outlier_detection|run", "tests/test_core.py::test_ingest_data_structure|run", "tests/test_ui_integration.py::test_app_integration_with_ui|run"], "26": ["tests/test_core.py::test_outlier_detection_dynamic_types|run", "tests/test_core.py::test_agent_initialization|run", "tests/test_core.py::test_prepare_agent_input|run", "tests/test_core.py::test_outlier_detection|run", "tests/test_core.py::test_ingest_data_structure|run", "tests/test_ui_integration.py::test_app_integration_with_ui|run"], "27": ["tests/test_core.py::test_outlier_detection_dynamic_types|run", "tests/test_core.py::test_agent_initialization|run", "tests/test_core.py::test_prepare_agent_input|run", "tests/test_core.py::test_outlier_detection|run", "tests/test_core.py::test_ingest_data_structure|run", "tests/test_ui_integration.py::test_app_integration_with_ui|run"], "34": ["tests/test_core.py::test_ingest_data_structure|run", "tests/test_ui_integration.py::test_app_integration_with_ui|run"], "36": ["tests/test_core.py::test_ingest_data_structure|run", "tests/test_ui_integration.py::test_app_integration_with_ui|run"], "40": ["tests/test_core.py::test_ingest_data_structure|run", "tests/test_ui_integration.py::test_app_integration_with_ui|run"], "42": ["tests/test_core.py::test_ingest_data_structure|run", "tests/test_ui_integration.py::test_app_integration_with_ui|run"], "43": ["tests/test_core.py::test_ingest_data_structure|run", "tests/test_ui_integration.py::test_app_integration_with_ui|run"], "44": ["tests/test_core.py::test_ingest_data_structure|run", "tests/test_ui_integration.py::test_app_integration_with_ui|run"], "45": ["tests/test_core.py::test_ingest_data_structure|run", "tests/test_ui_integration.py::test_app_integration_with_ui|run"], "46": ["tests/test_core.py::test_ingest_data_structure|run", "tests/test_ui_integration.py::test_app_integration_with_ui|run"], "47": ["tests/test_core.py::test_ingest_data_structure|run", "tests/test_ui_integration.py::test_app_integration_with_ui|run"], "48": ["tests/test_core.py::test_ingest_data_structure|run", "tests/test_ui_integration.py::test_app_integration_with_ui|run"], "49": ["tests/test_core.py::test_ingest_data_structure|run", "tests/test_ui_integration.py::test_app_integration_with_ui|run"], "53": ["tests/test_core.py::test_ingest_data_structure|run", "tests/test_ui_integration.py::test_app_integration_with_ui|run"], "55": ["tests/test_core.py::test_ingest_data_structure|run", "tests/test_ui_integration.py::test_app_integration_with_ui|run"], "61": ["tests/test_core.py::test_outlier_detection_dynamic_types|run", "tests/test_ui_integration.py::test_app_integration_with_ui|run", "tests/test_core.py::test_outlier_detection|run"], "62": ["tests/test_core.py::test_outlier_detection_dynamic_types|run", "tests/test_ui_integration.py::test_app_integration_with_ui|run", "tests/test_core.py::test_outlier_detection|run"], "64": ["tests/test_core.py::test_outlier_detection_dynamic_types|run", "tests/test_ui_integration.py::test_app_integration_with_ui|run", "tests/test_core.py::test_outlier_detection|run"], "65": ["tests/test_core.py::test_outlier_detection_dynamic_types|run", "tests/test_ui_integration.py::test_app_integration_with_ui|run", "tests/test_core.py::test_outlier_detection|run"], "67": ["tests/test_core.py::test_outlier_detection_dynamic_types|run", "tests/test_ui_integration.py::test_app_integration_with_ui|run", "tests/test_core.py::test_outlier_detection|run"], "73": ["tests/test_core.py::test_prepare_agent_input|run", "tests/test_ui_integration.py::test_app_integration_with_ui|run"], "74": ["tests/test_core.py::test_prepare_agent_input|run", "tests/test_ui_integration.py::test_app_integration_with_ui|run"], "76": ["tests/test_core.py::test_prepare_agent_input|run", "tests/test_ui_integration.py::test_app_integration_with_ui|run"], "83": ["tests/test_ui_integration.py::test_app_integration_with_ui|run"], "84": ["tests/test_ui_integration.py::test_app_integration_with_ui|run"], "85": ["tests/test_ui_integration.py::test_app_integration_with_ui|run"], "88": ["tests/test_ui_integration.py::test_app_integration_with_ui|run"], "89": ["tests/test_ui_integration.py::test_app_integration_with_ui|run"], "90": ["tests/test_ui_integration.py::test_app_integration_with_ui|run"], "91": ["tests/test_ui_integration.py::test_app_integration_with_ui|run"], "92": ["tests/test_ui_integration.py::test_app_integration_with_ui|run"], "95": ["tests/test_ui_integration.py::test_app_integration_with_ui|run"], "97": ["tests/test_ui_integration.py::test_app_integration_with_ui|run"], "98": ["tests/test_ui_integration.py::test_app_integration_with_ui|run"], "107": ["tests/test_ui_integration.py::test_app_integration_with_ui|run"], "108": ["tests/test_ui_integration.py::test_app_integration_with_ui|run"], "109": ["tests/test_ui_integration.py::test_app_integration_with_ui|run"], "111": ["tests/test_ui_integration.py::test_app_integration_with_ui|run"], "112": ["tests/test_ui_integration.py::test_app_integration_with_ui|run"], "113": ["tests/test_ui_integration.py::test_app_integration_with_ui|run"], "114": ["tests/test_ui_integration.py::test_app_integration_with_ui|run"], "116": ["tests/test_ui_integration.py::test_app_integration_with_ui|run"], "117": ["tests/test_ui_integration.py::test_app_integration_with_ui|run"], "120": ["tests/test_ui_integration.py::test_app_integration_with_ui|run"], "121": ["tests/test_ui_integration.py::test_app_integration_with_ui|run"], "122": ["tests/test_ui_integration.py::test_app_integration_with_ui|run"], "123": ["tests/test_ui_integration.py::test_app_integration_with_ui|run"], "124": ["tests/test_ui_integration.py::test_app_integration_with_ui|run"], "129": ["tests/test_ui_integration.py::test_app_integration_with_ui|run"]}}, "BachataAnalyticsApp.run": {"executed_lines": [83, 84, 85, 88, 89, 90, 91, 92, 95, 97, 98, 107, 108, 109, 111, 116, 117, 120, 121, 122, 123, 124, 129], "summary": {"covered_lines": 23, "num_statements": 31, "percent_covered": 74.19354838709677, "percent_covered_display": "74", "missing_lines": 8, "excluded_lines": 0, "percent_statements_covered": 74.19354838709677, "percent_statements_covered_display": "74"}, "missing_lines": [99, 100, 102, 103, 104, 125, 126, 127], "excluded_lines": [], "start_line": 78, "contexts": {"1": [""], "5": [""], "6": [""], "7": [""], "8": [""], "9": [""], "10": [""], "11": [""], "12": [""], "13": [""], "14": [""], "17": [""], "19": [""], "20": [""], "23": [""], "29": [""], "57": [""], "69": [""], "78": [""], "25": ["tests/test_core.py::test_outlier_detection_dynamic_types|run", "tests/test_core.py::test_agent_initialization|run", "tests/test_core.py::test_prepare_agent_input|run", "tests/test_core.py::test_outlier_detection|run", "tests/test_core.py::test_ingest_data_structure|run", "tests/test_ui_integration.py::test_app_integration_with_ui|run"], "26": ["tests/test_core.py::test_outlier_detection_dynamic_types|run", "tests/test_core.py::test_agent_initialization|run", "tests/test_core.py::test_prepare_agent_input|run", "tests/test_core.py::test_outlier_detection|run", "tests/test_core.py::test_ingest_data_structure|run", "tests/test_ui_integration.py::test_app_integration_with_ui|run"], "27": ["tests/test_core.py::test_outlier_detection_dynamic_types|run", "tests/test_core.py::test_agent_initialization|run", "tests/test_core.py::test_prepare_agent_input|run", "tests/test_core.py::test_outlier_detection|run", "tests/test_core.py::test_ingest_data_structure|run", "tests/test_ui_integration.py::test_app_integration_with_ui|run"], "34": ["tests/test_core.py::test_ingest_data_structure|run", "tests/test_ui_integration.py::test_app_integration_with_ui|run"], "36": ["tests/test_core.py::test_ingest_data_structure|run", "tests/test_ui_integration.py::test_app_integration_with_ui|run"], "40": ["tests/test_core.py::test_ingest_data_structure|run", "tests/test_ui_integration.py::test_app_integration_with_ui|run"], "42": ["tests/test_core.py::test_ingest_data_structure|run", "tests/test_ui_integration.py::test_app_integration_with_ui|run"], "43": ["tests/test_core.py::test_ingest_data_structure|run", "tests/test_ui_integration.py::test_app_integration_with_ui|run"], "44": ["tests/test_core.py::test_ingest_data_structure|run", "tests/test_ui_integration.py::test_app_integration_with_ui|run"], "45": ["tests/test_core.py::test_ingest_data_structure|run", "tests/test_ui_integration.py::test_app_integration_with_ui|run"], "46": ["tests/test_core.py::test_ingest_data_structure|run", "tests/test_ui_integration.py::test_app_integration_with_ui|run"], "47": ["tests/test_core.py::test_ingest_data_structure|run", "tests/test_ui_integration.py::test_app_integration_with_ui|run"], "48": ["tests/test_core.py::test_ingest_data_structure|run", "tests/test_ui_integration.py::test_app_integration_with_ui|run"], "49": ["tests/test_core.py::test_ingest_data_structure|run", "tests/test_ui_integration.py::test_app_integration_with_ui|run"], "53": ["tests/test_core.py::test_ingest_data_structure|run", "tests/test_ui_integration.py::test_app_integration_with_ui|run"], "55": ["tests/test_core.py::test_ingest_data_structure|run", "tests/test_ui_integration.py::test_app_integration_with_ui|run"], "61": ["tests/test_core.py::test_outlier_detection_dynamic_types|run", "tests/test_ui_integration.py::test_app_integration_with_ui|run", "tests/test_core.py::test_outlier_detection|run"], "62": ["tests/test_core.py::test_outlier_detection_dynamic_types|run", "tests/test_ui_integration.py::test_app_integration_with_ui|run", "tests/test_core.py::test_outlier_detection|run"], "64": ["tests/test_core.py::test_outlier_detection_dynamic_types|run", "tests/test_ui_integration.py::test_app_integration_with_ui|run", "tests/test_core.py::test_outlier_detection|run"], "65": ["tests/test_core.py::test_outlier_detection_dynamic_types|run", "tests/test_ui_integration.py::test_app_integration_with_ui|run", "tests/test_core.py::test_outlier_detection|run"], "67": ["tests/test_core.py::test_outlier_detection_dynamic_types|run", "tests/test_ui_integration.py::test_app_integration_with_ui|run", "tests/test_core.py::test_outlier_detection|run"], "73": ["tests/test_core.py::test_prepare_agent_input|run", "tests/test_ui_integration.py::test_app_integration_with_ui|run"], "74": ["tests/test_core.py::test_prepare_agent_input|run", "tests/test_ui_integration.py::test_app_integration_with_ui|run"], "76": ["tests/test_core.py::test_prepare_agent_input|run", "tests/test_ui_integration.py::test_app_integration_with_ui|run"], "83": ["tests/test_ui_integration.py::test_app_integration_with_ui|run"], "84": ["tests/test_ui_integration.py::test_app_integration_with_ui|run"], "85": ["tests/test_ui_integration.py::test_app_integration_with_ui|run"], "88": ["tests/test_ui_integration.py::test_app_integration_with_ui|run"], "89": ["tests/test_ui_integration.py::test_app_integration_with_ui|run"], "90": ["tests/test_ui_integration.py::test_app_integration_with_ui|run"], "91": ["tests/test_ui_integration.py::test_app_integration_with_ui|run"], "92": ["tests/test_ui_integration.py::test_app_integration_with_ui|run"], "95": ["tests/test_ui_integration.py::test_app_integration_with_ui|run"], "97": ["tests/test_ui_integration.py::test_app_integration_with_ui|run"], "98": ["tests/test_ui_integration.py::test_app_integration_with_ui|run"], "107": ["tests/test_ui_integration.py::test_app_integration_with_ui|run"], "108": ["tests/test_ui_integration.py::test_app_integration_with_ui|run"], "109": ["tests/test_ui_integration.py::test_app_integration_with_ui|run"], "111": ["tests/test_ui_integration.py::test_app_integration_with_ui|run"], "112": ["tests/test_ui_integration.py::test_app_integration_with_ui|run"], "113": ["tests/test_ui_integration.py::test_app_integration_with_ui|run"], "114": ["tests/test_ui_integration.py::test_app_integration_with_ui|run"], "116": ["tests/test_ui_integration.py::test_app_integration_with_ui|run"], "117": ["tests/test_ui_integration.py::test_app_integration_with_ui|run"], "120": ["tests/test_ui_integration.py::test_app_integration_with_ui|run"], "121": ["tests/test_ui_integration.py::test_app_integration_with_ui|run"], "122": ["tests/test_ui_integration.py::test_app_integration_with_ui|run"], "123": ["tests/test_ui_integration.py::test_app_integration_with_ui|run"], "124": ["tests/test_ui_integration.py::test_app_integration_with_ui|run"], "129": ["tests/test_ui_integration.py::test_app_integration_with_ui|run"]}}, "BachataAnalyticsApp.run._capture_wrapper": {"executed_lines": [112, 113, 114], "summary": {"covered_lines": 3, "num_statements": 3, "percent_covered": 100.0, "percent_covered_display": "100", "missing_lines": 0, "excluded_lines": 0, "percent_statements_covered": 100.0, "percent_statements_covered_display": "100"}, "missing_lines": [], "excluded_lines": [], "start_line": 111, "contexts": {"1": [""], "5": [""], "6": [""], "7": [""], "8": [""], "9": [""], "10": [""], "11": [""], "12": [""], "13": [""], "14": [""], "17": [""], "19": [""], "20": [""], "23": [""], "29": [""], "57": [""], "69": [""], "78": [""], "25": ["tests/test_core.py::test_outlier_detection_dynamic_types|run", "tests/test_core.py::test_agent_initialization|run", "tests/test_core.py::test_prepare_agent_input|run", "tests/test_core.py::test_outlier_detection|run", "tests/test_core.py::test_ingest_data_structure|run", "tests/test_ui_integration.py::test_app_integration_with_ui|run"], "26": ["tests/test_core.py::test_outlier_detection_dynamic_types|run", "tests/test_core.py::test_agent_initialization|run", "tests/test_core.py::test_prepare_agent_input|run", "tests/test_core.py::test_outlier_detection|run", "tests/test_core.py::test_ingest_data_structure|run", "tests/test_ui_integration.py::test_app_integration_with_ui|run"], "27": ["tests/test_core.py::test_outlier_detection_dynamic_types|run", "tests/test_core.py::test_agent_initialization|run", "tests/test_core.py::test_prepare_agent_input|run", "tests/test_core.py::test_outlier_detection|run", "tests/test_core.py::test_ingest_data_structure|run", "tests/test_ui_integration.py::test_app_integration_with_ui|run"], "34": ["tests/test_core.py::test_ingest_data_structure|run", "tests/test_ui_integration.py::test_app_integration_with_ui|run"], "36": ["tests/test_core.py::test_ingest_data_structure|run", "tests/test_ui_integration.py::test_app_integration_with_ui|run"], "40": ["tests/test_core.py::test_ingest_data_structure|run", "tests/test_ui_integration.py::test_app_integration_with_ui|run"], "42": ["tests/test_core.py::test_ingest_data_structure|run", "tests/test_ui_integration.py::test_app_integration_with_ui|run"], "43": ["tests/test_core.py::test_ingest_data_structure|run", "tests/test_ui_integration.py::test_app_integration_with_ui|run"], "44": ["tests/test_core.py::test_ingest_data_structure|run", "tests/test_ui_integration.py::test_app_integration_with_ui|run"], "45": ["tests/test_core.py::test_ingest_data_structure|run", "tests/test_ui_integration.py::test_app_integration_with_ui|run"], "46": ["tests/test_core.py::test_ingest_data_structure|run", "tests/test_ui_integration.py::test_app_integration_with_ui|run"], "47": ["tests/test_core.py::test_ingest_data_structure|run", "tests/test_ui_integration.py::test_app_integration_with_ui|run"], "48": ["tests/test_core.py::test_ingest_data_structure|run", "tests/test_ui_integration.py::test_app_integration_with_ui|run"], "49": ["tests/test_core.py::test_ingest_data_structure|run", "tests/test_ui_integration.py::test_app_integration_with_ui|run"], "53": ["tests/test_core.py::test_ingest_data_structure|run", "tests/test_ui_integration.py::test_app_integration_with_ui|run"], "55": ["tests/test_core.py::test_ingest_data_structure|run", "tests/test_ui_integration.py::test_app_integration_with_ui|run"], "61": ["tests/test_core.py::test_outlier_detection_dynamic_types|run", "tests/test_ui_integration.py::test_app_integration_with_ui|run", "tests/test_core.py::test_outlier_detection|run"], "62": ["tests/test_core.py::test_outlier_detection_dynamic_types|run", "tests/test_ui_integration.py::test_app_integration_with_ui|run", "tests/test_core.py::test_outlier_detection|run"], "64": ["tests/test_core.py::test_outlier_detection_dynamic_types|run", "tests/test_ui_integration.py::test_app_integration_with_ui|run", "tests/test_core.py::test_outlier_detection|run"], "65": ["tests/test_core.py::test_outlier_detection_dynamic_types|run", "tests/test_ui_integration.py::test_app_integration_with_ui|run", "tests/test_core.py::test_outlier_detection|run"], "67": ["tests/test_core.py::test_outlier_detection_dynamic_types|run", "tests/test_ui_integration.py::test_app_integration_with_ui|run", "tests/test_core.py::test_outlier_detection|run"], "73": ["tests/test_core.py::test_prepare_agent_input|run", "tests/test_ui_integration.py::test_app_integration_with_ui|run"], "74": ["tests/test_core.py::test_prepare_agent_input|run", "tests/test_ui_integration.py::test_app_integration_with_ui|run"], "76": ["tests/test_core.py::test_prepare_agent_input|run", "tests/test_ui_integration.py::test_app_integration_with_ui|run"], "83": ["tests/test_ui_integration.py::test_app_integration_with_ui|run"], "84": ["tests/test_ui_integration.py::test_app_integration_with_ui|run"], "85": ["tests/test_ui_integration.py::test_app_integration_with_ui|run"], "88": ["tests/test_ui_integration.py::test_app_integration_with_ui|run"], "89": ["tests/test_ui_integration.py::test_app_integration_with_ui|run"], "90": ["tests/test_ui_integration.py::test_app_integration_with_ui|run"], "91": ["tests/test_ui_integration.py::test_app_integration_with_ui|run"], "92": ["tests/test_ui_integration.py::test_app_integration_with_ui|run"], "95": ["tests/test_ui_integration.py::test_app_integration_with_ui|run"], "97": ["tests/test_ui_integration.py::test_app_integration_with_ui|run"], "98": ["tests/test_ui_integration.py::test_app_integration_with_ui|run"], "107": ["tests/test_ui_integration.py::test_app_integration_with_ui|run"], "108": ["tests/test_ui_integration.py::test_app_integration_with_ui|run"], "109": ["tests/test_ui_integration.py::test_app_integration_with_ui|run"], "111": ["tests/test_ui_integration.py::test_app_integration_with_ui|run"], "112": ["tests/test_ui_integration.py::test_app_integration_with_ui|run"], "113": ["tests/test_ui_integration.py::test_app_integration_with_ui|run"], "114": ["tests/test_ui_integration.py::test_app_integration_with_ui|run"], "116": ["tests/test_ui_integration.py::test_app_integration_with_ui|run"], "117": ["tests/test_ui_integration.py::test_app_integration_with_ui|run"], "120": ["tests/test_ui_integration.py::test_app_integration_with_ui|run"], "121": ["tests/test_ui_integration.py::test_app_integration_with_ui|run"], "122": ["tests/test_ui_integration.py::test_app_integration_with_ui|run"], "123": ["tests/test_ui_integration.py::test_app_integration_with_ui|run"], "124": ["tests/test_ui_integration.py::test_app_integration_with_ui|run"], "129": ["tests/test_ui_integration.py::test_app_integration_with_ui|run"]}}, "": {"executed_lines": [5, 6, 7, 8, 9, 10, 11, 12, 13, 14, 17, 19, 23, 29, 57, 69, 78], "summary": {"covered_lines": 17, "num_statements": 17, "percent_covered": 100.0, "percent_covered_display": "100", "missing_lines": 0, "excluded_lines": 0, "percent_statements_covered": 100.0, "percent_statements_covered_display": "100"}, "missing_lines": [], "excluded_lines": [], "start_line": 1, "contexts": {"1": [""], "5": [""], "6": [""], "7": [""], "8": [""], "9": [""], "10": [""], "11": [""], "12": [""], "13": [""], "14": [""], "17": [""], "19": [""], "20": [""], "23": [""], "29": [""], "57": [""], "69": [""], "78": [""], "25": ["tests/test_core.py::test_outlier_detection_dynamic_types|run", "tests/test_core.py::test_agent_initialization|run", "tests/test_core.py::test_prepare_agent_input|run", "tests/test_core.py::test_outlier_detection|run", "tests/test_core.py::test_ingest_data_structure|run", "tests/test_ui_integration.py::test_app_integration_with_ui|run"], "26": ["tests/test_core.py::test_outlier_detection_dynamic_types|run", "tests/test_core.py::test_agent_initialization|run", "tests/test_core.py::test_prepare_agent_input|run", "tests/test_core.py::test_outlier_detection|run", "tests/test_core.py::test_ingest_data_structure|run", "tests/test_ui_integration.py::test_app_integration_with_ui|run"], "27": ["tests/test_core.py::test_outlier_detection_dynamic_types|run", "tests/test_core.py::test_agent_initialization|run", "tests/test_core.py::test_prepare_agent_input|run", "tests/test_core.py::test_outlier_detection|run", "tests/test_core.py::test_ingest_data_structure|run", "tests/test_ui_integration.py::test_app_integration_with_ui|run"], "34": ["tests/test_core.py::test_ingest_data_structure|run", "tests/test_ui_integration.py::test_app_integration_with_ui|run"], "36": ["tests/test_core.py::test_ingest_data_structure|run", "tests/test_ui_integration.py::test_app_integration_with_ui|run"], "40": ["tests/test_core.py::test_ingest_data_structure|run", "tests/test_ui_integration.py::test_app_integration_with_ui|run"], "42": ["tests/test_core.py::test_ingest_data_structure|run", "tests/test_ui_integration.py::test_app_integration_with_ui|run"], "43": ["tests/test_core.py::test_ingest_data_structure|run", "tests/test_ui_integration.py::test_app_integration_with_ui|run"], "44": ["tests/test_core.py::test_ingest_data_structure|run", "tests/test_ui_integration.py::test_app_integration_with_ui|run"], "45": ["tests/test_core.py::test_ingest_data_structure|run", "tests/test_ui_integration.py::test_app_integration_with_ui|run"], "46": ["tests/test_core.py::test_ingest_data_structure|run", "tests/test_ui_integration.py::test_app_integration_with_ui|run"], "47": ["tests/test_core.py::test_ingest_data_structure|run", "tests/test_ui_integration.py::test_app_integration_with_ui|run"], "48": ["tests/test_core.py::test_ingest_data_structure|run", "tests/test_ui_integration.py::test_app_integration_with_ui|run"], "49": ["tests/test_core.py::test_ingest_data_structure|run", "tests/test_ui_integration.py::test_app_integration_with_ui|run"], "53": ["tests/test_core.py::test_ingest_data_structure|run", "tests/test_ui_integration.py::test_app_integration_with_ui|run"], "55": ["tests/test_core.py::test_ingest_data_structure|run", "tests/test_ui_integration.py::test_app_integration_with_ui|run"], "61": ["tests/test_core.py::test_outlier_detection_dynamic_types|run", "tests/test_ui_integration.py::test_app_integration_with_ui|run", "tests/test_core.py::test_outlier_detection|run"], "62": ["tests/test_core.py::test_outlier_detection_dynamic_types|run", "tests/test_ui_integration.py::test_app_integration_with_ui|run", "tests/test_core.py::test_outlier_detection|run"], "64": ["tests/test_core.py::test_outlier_detection_dynamic_types|run", "tests/test_ui_integration.py::test_app_integration_with_ui|run", "tests/test_core.py::test_outlier_detection|run"], "65": ["tests/test_core.py::test_outlier_detection_dynamic_types|run", "tests/test_ui_integration.py::test_app_integration_with_ui|run", "tests/test_core.py::test_outlier_detection|run"], "67": ["tests/test_core.py::test_outlier_detection_dynamic_types|run", "tests/test_ui_integration.py::test_app_integration_with_ui|run", "tests/test_core.py::test_outlier_detection|run"], "73": ["tests/test_core.py::test_prepare_agent_input|run", "tests/test_ui_integration.py::test_app_integration_with_ui|run"], "74": ["tests/test_core.py::test_prepare_agent_input|run", "tests/test_ui_integration.py::test_app_integration_with_ui|run"], "76": ["tests/test_core.py::test_prepare_agent_input|run", "tests/test_ui_integration.py::test_app_integration_with_ui|run"], "83": ["tests/test_ui_integration.py::test_app_integration_with_ui|run"], "84": ["tests/test_ui_integration.py::test_app_integration_with_ui|run"], "85": ["tests/test_ui_integration.py::test_app_integration_with_ui|run"], "88": ["tests/test_ui_integration.py::test_app_integration_with_ui|run"], "89": ["tests/test_ui_integration.py::test_app_integration_with_ui|run"], "90": ["tests/test_ui_integration.py::test_app_integration_with_ui|run"], "91": ["tests/test_ui_integration.py::test_app_integration_with_ui|run"], "92": ["tests/test_ui_integration.py::test_app_integration_with_ui|run"], "95": ["tests/test_ui_integration.py::test_app_integration_with_ui|run"], "97": ["tests/test_ui_integration.py::test_app_integration_with_ui|run"], "98": ["tests/test_ui_integration.py::test_app_integration_with_ui|run"], "107": ["tests/test_ui_integration.py::test_app_integration_with_ui|run"], "108": ["tests/test_ui_integration.py::test_app_integration_with_ui|run"], "109": ["tests/test_ui_integration.py::test_app_integration_with_ui|run"], "111": ["tests/test_ui_integration.py::test_app_integration_with_ui|run"], "112": ["tests/test_ui_integration.py::test_app_integration_with_ui|run"], "113": ["tests/test_ui_integration.py::test_app_integration_with_ui|run"], "114": ["tests/test_ui_integration.py::test_app_integration_with_ui|run"], "116": ["tests/test_ui_integration.py::test_app_integration_with_ui|run"], "117": ["tests/test_ui_integration.py::test_app_integration_with_ui|run"], "120": ["tests/test_ui_integration.py::test_app_integration_with_ui|run"], "121": ["tests/test_ui_integration.py::test_app_integration_with_ui|run"], "122": ["tests/test_ui_integration.py::test_app_integration_with_ui|run"], "123": ["tests/test_ui_integration.py::test_app_integration_with_ui|run"], "124": ["tests/test_ui_integration.py::test_app_integration_with_ui|run"], "129": ["tests/test_ui_integration.py::test_app_integration_with_ui|run"]}}}, "classes": {"BachataAnalyticsApp": {"executed_lines": [25, 26, 27, 34, 36, 42, 43, 44, 53, 55, 61, 62, 64, 65, 67, 73, 74, 76, 83, 84, 85, 88, 89, 90, 91, 92, 95, 97, 98, 107, 108, 109, 111, 112, 113, 114, 116, 117, 120, 121, 122, 123, 124, 129], "summary": {"covered_lines": 44, "num_statements": 52, "percent_covered": 84.61538461538461, "percent_covered_display": "85", "missing_lines": 8, "excluded_lines": 0, "percent_statements_covered": 84.61538461538461, "percent_statements_covered_display": "85"}, "missing_lines": [99, 100, 102, 103, 104, 125, 126, 127], "excluded_lines": [], "start_line": 19, "contexts": {"1": [""], "5": [""], "6": [""], "7": [""], "8": [""], "9": [""], "10": [""], "11": [""], "12": [""], "13": [""], "14": [""], "17": [""], "19": [""], "20": [""], "23": [""], "29": [""], "57": [""], "69": [""], "78": [""], "25": ["tests/test_core.py::test_outlier_detection_dynamic_types|run", "tests/test_core.py::test_agent_initialization|run", "tests/test_core.py::test_prepare_agent_input|run", "tests/test_core.py::test_outlier_detection|run", "tests/test_core.py::test_ingest_data_structure|run", "tests/test_ui_integration.py::test_app_integration_with_ui|run"], "26": ["tests/test_core.py::test_outlier_detection_dynamic_types|run", "tests/test_core.py::test_agent_initialization|run", "tests/test_core.py::test_prepare_agent_input|run", "tests/test_core.py::test_outlier_detection|run", "tests/test_core.py::test_ingest_data_structure|run", "tests/test_ui_integration.py::test_app_integration_with_ui|run"], "27": ["tests/test_core.py::test_outlier_detection_dynamic_types|run", "tests/test_core.py::test_agent_initialization|run", "tests/test_core.py::test_prepare_agent_input|run", "tests/test_core.py::test_outlier_detection|run", "tests/test_core.py::test_ingest_data_structure|run", "tests/test_ui_integration.py::test_app_integration_with_ui|run"], "34": ["tests/test_core.py::test_ingest_data_structure|run", "tests/test_ui_integration.py::test_app_integration_with_ui|run"], "36": ["tests/test_core.py::test_ingest_data_structure|run", "tests/test_ui_integration.py::test_app_integration_with_ui|run"], "40": ["tests/test_core.py::test_ingest_data_structure|run", "tests/test_ui_integration.py::test_app_integration_with_ui|run"], "42": ["tests/test_core.py::test_ingest_data_structure|run", "tests/test_ui_integration.py::test_app_integration_with_ui|run"], "43": ["tests/test_core.py::test_ingest_data_structure|run", "tests/test_ui_integration.py::test_app_integration_with_ui|run"], "44": ["tests/test_core.py::test_ingest_data_structure|run", "tests/test_ui_integration.py::test_app_integration_with_ui|run"], "45": ["tests/test_core.py::test_ingest_data_structure|run", "tests/test_ui_integration.py::test_app_integration_with_ui|run"], "46": ["tests/test_core.py::test_ingest_data_structure|run", "tests/test_ui_integration.py::test_app_integration_with_ui|run"], "47": ["tests/test_core.py::test_ingest_data_structure|run", "tests/test_ui_integration.py::test_app_integration_with_ui|run"], "48": ["tests/test_core.py::test_ingest_data_structure|run", "tests/test_ui_integration.py::test_app_integration_with_ui|run"], "49": ["tests/test_core.py::test_ingest_data_structure|run", "tests/test_ui_integration.py::test_app_integration_with_ui|run"], "53": ["tests/test_core.py::test_ingest_data_structure|run", "tests/test_ui_integration.py::test_app_integration_with_ui|run"], "55": ["tests/test_core.py::test_ingest_data_structure|run", "tests/test_ui_integration.py::test_app_integration_with_ui|run"], "61": ["tests/test_core.py::test_outlier_detection_dynamic_types|run", "tests/test_ui_integration.py::test_app_integration_with_ui|run", "tests/test_core.py::test_outlier_detection|run"], "62": ["tests/test_core.py::test_outlier_detection_dynamic_types|run", "tests/test_ui_integration.py::test_app_integration_with_ui|run", "tests/test_core.py::test_outlier_detection|run"], "64": ["tests/test_core.py::test_outlier_detection_dynamic_types|run", "tests/test_ui_integration.py::test_app_integration_with_ui|run", "tests/test_core.py::test_outlier_detection|run"], "65": ["tests/test_core.py::test_outlier_detection_dynamic_types|run", "tests/test_ui_integration.py::test_app_integration_with_ui|run", "tests/test_core.py::test_outlier_detection|run"], "67": ["tests/test_core.py::test_outlier_detection_dynamic_types|run", "tests/test_ui_integration.py::test_app_integration_with_ui|run", "tests/test_core.py::test_outlier_detection|run"], "73": ["tests/test_core.py::test_prepare_agent_input|run", "tests/test_ui_integration.py::test_app_integration_with_ui|run"], "74": ["tests/test_core.py::test_prepare_agent_input|run", "tests/test_ui_integration.py::test_app_integration_with_ui|run"], "76": ["tests/test_core.py::test_prepare_agent_input|run", "tests/test_ui_integration.py::test_app_integration_with_ui|run"], "83": ["tests/test_ui_integration.py::test_app_integration_with_ui|run"], "84": ["tests/test_ui_integration.py::test_app_integration_with_ui|run"], "85": ["tests/test_ui_integration.py::test_app_integration_with_ui|run"], "88": ["tests/test_ui_integration.py::test_app_integration_with_ui|run"], "89": ["tests/test_ui_integration.py::test_app_integration_with_ui|run"], "90": ["tests/test_ui_integration.py::test_app_integration_with_ui|run"], "91": ["tests/test_ui_integration.py::test_app_integration_with_ui|run"], "92": ["tests/test_ui_integration.py::test_app_integration_with_ui|run"], "95": ["tests/test_ui_integration.py::test_app_integration_with_ui|run"], "97": ["tests/test_ui_integration.py::test_app_integration_with_ui|run"], "98": ["tests/test_ui_integration.py::test_app_integration_with_ui|run"], "107": ["tests/test_ui_integration.py::test_app_integration_with_ui|run"], "108": ["tests/test_ui_integration.py::test_app_integration_with_ui|run"], "109": ["tests/test_ui_integration.py::test_app_integration_with_ui|run"], "111": ["tests/test_ui_integration.py::test_app_integration_with_ui|run"], "112": ["tests/test_ui_integration.py::test_app_integration_with_ui|run"], "113": ["tests/test_ui_integration.py::test_app_integration_with_ui|run"], "114": ["tests/test_ui_integration.py::test_app_integration_with_ui|run"], "116": ["tests/test_ui_integration.py::test_app_integration_with_ui|run"], "117": ["tests/test_ui_integration.py::test_app_integration_with_ui|run"], "120": ["tests/test_ui_integration.py::test_app_integration_with_ui|run"], "121": ["tests/test_ui_integration.py::test_app_integration_with_ui|run"], "122": ["tests/test_ui_integration.py::test_app_integration_with_ui|run"], "123": ["tests/test_ui_integration.py::test_app_integration_with_ui|run"], "124": ["tests/test_ui_integration.py::test_app_integration_with_ui|run"], "129": ["tests/test_ui_integration.py::test_app_integration_with_ui|run"]}}, "": {"executed_lines": [5, 6, 7, 8, 9, 10, 11, 12, 13, 14, 17, 19, 23, 29, 57, 69, 78], "summary": {"covered_lines": 17, "num_statements": 17, "percent_covered": 100.0, "percent_covered_display": "100", "missing_lines": 0, "excluded_lines": 0, "percent_statements_covered": 100.0, "percent_statements_covered_display": "100"}, "missing_lines": [], "excluded_lines": [], "start_line": 1, "contexts": {"1": [""], "5": [""], "6": [""], "7": [""], "8": [""], "9": [""], "10": [""], "11": [""], "12": [""], "13": [""], "14": [""], "17": [""], "19": [""], "20": [""], "23": [""], "29": [""], "57": [""], "69": [""], "78": [""], "25": ["tests/test_core.py::test_outlier_detection_dynamic_types|run", "tests/test_core.py::test_agent_initialization|run", "tests/test_core.py::test_prepare_agent_input|run", "tests/test_core.py::test_outlier_detection|run", "tests/test_core.py::test_ingest_data_structure|run", "tests/test_ui_integration.py::test_app_integration_with_ui|run"], "26": ["tests/test_core.py::test_outlier_detection_dynamic_types|run", "tests/test_core.py::test_agent_initialization|run", "tests/test_core.py::test_prepare_agent_input|run", "tests/test_core.py::test_outlier_detection|run", "tests/test_core.py::test_ingest_data_structure|run", "tests/test_ui_integration.py::test_app_integration_with_ui|run"], "27": ["tests/test_core.py::test_outlier_detection_dynamic_types|run", "tests/test_core.py::test_agent_initialization|run", "tests/test_core.py::test_prepare_agent_input|run", "tests/test_core.py::test_outlier_detection|run", "tests/test_core.py::test_ingest_data_structure|run", "tests/test_ui_integration.py::test_app_integration_with_ui|run"], "34": ["tests/test_core.py::test_ingest_data_structure|run", "tests/test_ui_integration.py::test_app_integration_with_ui|run"], "36": ["tests/test_core.py::test_ingest_data_structure|run", "tests/test_ui_integration.py::test_app_integration_with_ui|run"], "40": ["tests/test_core.py::test_ingest_data_structure|run", "tests/test_ui_integration.py::test_app_integration_with_ui|run"], "42": ["tests/test_core.py::test_ingest_data_structure|run", "tests/test_ui_integration.py::test_app_integration_with_ui|run"], "43": ["tests/test_core.py::test_ingest_data_structure|run", "tests/test_ui_integration.py::test_app_integration_with_ui|run"], "44": ["tests/test_core.py::test_ingest_data_structure|run", "tests/test_ui_integration.py::test_app_integration_with_ui|run"], "45": ["tests/test_core.py::test_ingest_data_structure|run", "tests/test_ui_integration.py::test_app_integration_with_ui|run"], "46": ["tests/test_core.py::test_ingest_data_structure|run", "tests/test_ui_integration.py::test_app_integration_with_ui|run"], "47": ["tests/test_core.py::test_ingest_data_structure|run", "tests/test_ui_integration.py::test_app_integration_with_ui|run"], "48": ["tests/test_core.py::test_ingest_data_structure|run", "tests/test_ui_integration.py::test_app_integration_with_ui|run"], "49": ["tests/test_core.py::test_ingest_data_structure|run", "tests/test_ui_integration.py::test_app_integration_with_ui|run"], "53": ["tests/test_core.py::test_ingest_data_structure|run", "tests/test_ui_integration.py::test_app_integration_with_ui|run"], "55": ["tests/test_core.py::test_ingest_data_structure|run", "tests/test_ui_integration.py::test_app_integration_with_ui|run"], "61": ["tests/test_core.py::test_outlier_detection_dynamic_types|run", "tests/test_ui_integration.py::test_app_integration_with_ui|run", "tests/test_core.py::test_outlier_detection|run"], "62": ["tests/test_core.py::test_outlier_detection_dynamic_types|run", "tests/test_ui_integration.py::test_app_integration_with_ui|run", "tests/test_core.py::test_outlier_detection|run"], "64": ["tests/test_core.py::test_outlier_detection_dynamic_types|run", "tests/test_ui_integration.py::test_app_integration_with_ui|run", "tests/test_core.py::test_outlier_detection|run"], "65": ["tests/test_core.py::test_outlier_detection_dynamic_types|run", "tests/test_ui_integration.py::test_app_integration_with_ui|run", "tests/test_core.py::test_outlier_detection|run"], "67": ["tests/test_core.py::test_outlier_detection_dynamic_types|run", "tests/test_ui_integration.py::test_app_integration_with_ui|run", "tests/test_core.py::test_outlier_detection|run"], "73": ["tests/test_core.py::test_prepare_agent_input|run", "tests/test_ui_integration.py::test_app_integration_with_ui|run"], "74": ["tests/test_core.py::test_prepare_agent_input|run", "tests/test_ui_integration.py::test_app_integration_with_ui|run"], "76": ["tests/test_core.py::test_prepare_agent_input|run", "tests/test_ui_integration.py::test_app_integration_with_ui|run"], "83": ["tests/test_ui_integration.py::test_app_integration_with_ui|run"], "84": ["tests/test_ui_integration.py::test_app_integration_with_ui|run"], "85": ["tests/test_ui_integration.py::test_app_integration_with_ui|run"], "88": ["tests/test_ui_integration.py::test_app_integration_with_ui|run"], "89": ["tests/test_ui_integration.py::test_app_integration_with_ui|run"], "90": ["tests/test_ui_integration.py::test_app_integration_with_ui|run"], "91": ["tests/test_ui_integration.py::test_app_integration_with_ui|run"], "92": ["tests/test_ui_integration.py::test_app_integration_with_ui|run"], "95": ["tests/test_ui_integration.py::test_app_integration_with_ui|run"], "97": ["tests/test_ui_integration.py::test_app_integration_with_ui|run"], "98": ["tests/test_ui_integration.py::test_app_integration_with_ui|run"], "107": ["tests/test_ui_integration.py::test_app_integration_with_ui|run"], "108": ["tests/test_ui_integration.py::test_app_integration_with_ui|run"], "109": ["tests/test_ui_integration.py::test_app_integration_with_ui|run"], "111": ["tests/test_ui_integration.py::test_app_integration_with_ui|run"], "112": ["tests/test_ui_integration.py::test_app_integration_with_ui|run"], "113": ["tests/test_ui_integration.py::test_app_integration_with_ui|run"], "114": ["tests/test_ui_integration.py::test_app_integration_with_ui|run"], "116": ["tests/test_ui_integration.py::test_app_integration_with_ui|run"], "117": ["tests/test_ui_integration.py::test_app_integration_with_ui|run"], "120": ["tests/test_ui_integration.py::test_app_integration_with_ui|run"], "121": ["tests/test_ui_integration.py::test_app_integration_with_ui|run"], "122": ["tests/test_ui_integration.py::test_app_integration_with_ui|run"], "123": ["tests/test_ui_integration.py::test_app_integration_with_ui|run"], "124": ["tests/test_ui_integration.py::test_app_integration_with_ui|run"], "129": ["tests/test_ui_integration.py::test_app_integration_with_ui|run"]}}}}, "src/core/charting.py": {"executed_lines": [5, 6, 7, 8, 10, 12, 13, 14, 15, 16, 19, 20, 21, 23, 25, 26, 27, 28, 29, 30, 32, 34, 37, 38, 40, 52, 53, 54, 55, 56, 60, 61, 64, 72, 76, 79, 80, 82, 84, 90, 92], "summary": {"covered_lines": 41, "num_statements": 41, "percent_covered": 100.0, "percent_covered_display": "100", "missing_lines": 0, "excluded_lines": 0, "percent_statements_covered": 100.0, "percent_statements_covered_display": "100"}, "missing_lines": [], "excluded_lines": [], "contexts": {"1": [""], "5": [""], "6": [""], "7": [""], "8": [""], "10": [""], "11": [""], "12": [""], "13": [""], "14": [""], "15": [""], "16": [""], "19": [""], "20": [""], "21": [""], "23": [""], "24": [""], "25": [""], "26": [""], "27": [""], "28": [""], "29": [""], "30": [""], "32": [""], "34": [""], "35": [""], "37": [""], "40": [""], "41": [""], "42": [""], "43": [""], "38": ["tests/test_reporting.py::test_excel_generation_conditional_formatting|run", "tests/test_ui_integration.py::test_app_integration_with_ui|run", "tests/test_charting.py::test_chart_builder_add_bar_chart|run"], "52": ["tests/test_reporting.py::test_excel_generation_conditional_formatting|run", "tests/test_ui_integration.py::test_app_integration_with_ui|run", "tests/test_charting.py::test_chart_builder_add_bar_chart|run"], "53": ["tests/test_reporting.py::test_excel_generation_conditional_formatting|run", "tests/test_ui_integration.py::test_app_integration_with_ui|run", "tests/test_charting.py::test_chart_builder_add_bar_chart|run"], "54": ["tests/test_reporting.py::test_excel_generation_conditional_formatting|run", "tests/test_ui_integration.py::test_app_integration_with_ui|run", "tests/test_charting.py::test_chart_builder_add_bar_chart|run"], "55": ["tests/test_reporting.py::test_excel_generation_conditional_formatting|run", "tests/test_ui_integration.py::test_app_integration_with_ui|run", "tests/test_charting.py::test_chart_builder_add_bar_chart|run"], "56": ["tests/test_reporting.py::test_excel_generation_conditional_formatting|run", "tests/test_ui_integration.py::test_app_integration_with_ui|run", "tests/test_charting.py::test_chart_builder_add_bar_chart|run"], "60": ["tests/test_reporting.py::test_excel_generation_conditional_formatting|run", "tests/test_ui_integration.py::test_app_integration_with_ui|run", "tests/test_charting.py::test_chart_builder_add_bar_chart|run"], "61": ["tests/test_reporting.py::test_excel_generation_conditional_formatting|run", "tests/test_ui_integration.py::test_app_integration_with_ui|run", "tests/test_charting.py::test_chart_builder_add_bar_chart|run"], "64": ["tests/test_reporting.py::test_excel_generation_conditional_formatting|run", "tests/test_ui_integration.py::test_app_integration_with_ui|run", "tests/test_charting.py::test_chart_builder_add_bar_chart|run"], "65": ["tests/test_reporting.py::test_excel_generation_conditional_formatting|run", "tests/test_ui_integration.py::test_app_integration_with_ui|run", "tests/test_charting.py::test_chart_builder_add_bar_chart|run"], "66": ["tests/test_reporting.py::test_excel_generation_conditional_formatting|run", "tests/test_ui_integration.py::test_app_integration_with_ui|run", "tests/test_charting.py::test_chart_builder_add_bar_chart|run"], "67": ["tests/test_reporting.py::test_excel_generation_conditional_formatting|run", "tests/test_ui_integration.py::test_app_integration_with_ui|run", "tests/test_charting.py::test_chart_builder_add_bar_chart|run"], "68": ["tests/test_reporting.py::test_excel_generation_conditional_formatting|run", "tests/test_ui_integration.py::test_app_integration_with_ui|run", "tests/test_charting.py::test_chart_builder_add_bar_chart|run"], "69": ["tests/test_reporting.py::test_excel_generation_conditional_formatting|run", "tests/test_ui_integration.py::test_app_integration_with_ui|run", "tests/test_charting.py::test_chart_builder_add_bar_chart|run"], "72": ["tests/test_reporting.py::test_excel_generation_conditional_formatting|run", "tests/test_ui_integration.py::test_app_integration_with_ui|run", "tests/test_charting.py::test_chart_builder_add_bar_chart|run"], "76": ["tests/test_reporting.py::test_excel_generation_conditional_formatting|run", "tests/test_ui_integration.py::test_app_integration_with_ui|run", "tests/test_charting.py::test_chart_builder_add_bar_chart|run"], "79": ["tests/test_reporting.py::test_excel_generation_conditional_formatting|run", "tests/test_ui_integration.py::test_app_integration_with_ui|run", "tests/test_charting.py::test_chart_builder_add_bar_chart|run"], "80": ["tests/test_reporting.py::test_excel_generation_conditional_formatting|run", "tests/test_ui_integration.py::test_app_integration_with_ui|run", "tests/test_charting.py::test_chart_builder_add_bar_chart|run"], "82": ["tests/test_reporting.py::test_excel_generation_conditional_formatting|run", "tests/test_ui_integration.py::test_app_integration_with_ui|run", "tests/test_charting.py::test_chart_builder_add_bar_chart|run"], "84": ["tests/test_reporting.py::test_excel_generation_conditional_formatting|run", "tests/test_ui_integration.py::test_app_integration_with_ui|run", "tests/test_charting.py::test_chart_builder_add_bar_chart|run"], "85": ["tests/test_reporting.py::test_excel_generation_conditional_formatting|run", "tests/test_ui_integration.py::test_app_integration_with_ui|run", "tests/test_charting.py::test_chart_builder_add_bar_chart|run"], "86": ["tests/test_reporting.py::test_excel_generation_conditional_formatting|run", "tests/test_ui_integration.py::test_app_integration_with_ui|run", "tests/test_charting.py::test_chart_builder_add_bar_chart|run"], "87": ["tests/test_reporting.py::test_excel_generation_conditional_formatting|run", "tests/test_ui_integration.py::test_app_integration_with_ui|run", "tests/te
[...]
overed_lines": 16, "num_statements": 16, "percent_covered": 100.0, "percent_covered_display": "100", "missing_lines": 0, "excluded_lines": 0, "percent_statements_covered": 100.0, "percent_statements_covered_display": "100"}, "missing_lines": [], "excluded_lines": [], "start_line": 24, "contexts": {"1": [""], "4": [""], "5": [""], "6": [""], "7": [""], "10": [""], "12": [""], "13": [""], "14": [""], "15": [""], "16": [""], "17": [""], "18": [""], "19": [""], "21": [""], "22": [""], "24": [""], "37": ["tests/test_visualization.py::test_generate_chart_missing_columns|run", "tests/test_visualization.py::test_generate_chart_empty_df|run", "tests/test_reporting.py::test_excel_generation_conditional_formatting|run", "tests/test_visualization.py::test_generate_chart_success|run", "tests/test_ui_integration.py::test_app_integration_with_ui|run"], "41": ["tests/test_reporting.py::test_excel_generation_conditional_formatting|run", "tests/test_visualization.py::test_generate_chart_missing_columns|run", "tests/test_ui_integration.py::test_app_integration_with_ui|run", "tests/test_visualization.py::test_generate_chart_success|run"], "44": ["tests/test_reporting.py::test_excel_generation_conditional_formatting|run", "tests/test_ui_integration.py::test_app_integration_with_ui|run", "tests/test_visualization.py::test_generate_chart_success|run"], "47": ["tests/test_reporting.py::test_excel_generation_conditional_formatting|run", "tests/test_ui_integration.py::test_app_integration_with_ui|run", "tests/test_visualization.py::test_generate_chart_success|run"], "51": ["tests/test_reporting.py::test_excel_generation_conditional_formatting|run", "tests/test_ui_integration.py::test_app_integration_with_ui|run", "tests/test_visualization.py::test_generate_chart_success|run"], "53": ["tests/test_reporting.py::test_excel_generation_conditional_formatting|run", "tests/test_ui_integration.py::test_app_integration_with_ui|run", "tests/test_visualization.py::test_generate_chart_success|run"], "54": ["tests/test_reporting.py::test_excel_generation_conditional_formatting|run", "tests/test_ui_integration.py::test_app_integration_with_ui|run", "tests/test_visualization.py::test_generate_chart_success|run"], "55": ["tests/test_reporting.py::test_excel_generation_conditional_formatting|run", "tests/test_ui_integration.py::test_app_integration_with_ui|run", "tests/test_visualization.py::test_generate_chart_success|run"], "56": ["tests/test_reporting.py::test_excel_generation_conditional_formatting|run", "tests/test_ui_integration.py::test_app_integration_with_ui|run", "tests/test_visualization.py::test_generate_chart_success|run"], "59": ["tests/test_reporting.py::test_excel_generation_conditional_formatting|run", "tests/test_ui_integration.py::test_app_integration_with_ui|run", "tests/test_visualization.py::test_generate_chart_success|run"], "60": ["tests/test_reporting.py::test_excel_generation_conditional_formatting|run", "tests/test_ui_integration.py::test_app_integration_with_ui|run", "tests/test_visualization.py::test_generate_chart_success|run"], "61": ["tests/test_reporting.py::test_excel_generation_conditional_formatting|run", "tests/test_ui_integration.py::test_app_integration_with_ui|run", "tests/test_visualization.py::test_generate_chart_success|run"], "62": ["tests/test_reporting.py::test_excel_generation_conditional_formatting|run", "tests/test_ui_integration.py::test_app_integration_with_ui|run", "tests/test_visualization.py::test_generate_chart_success|run"], "64": ["tests/test_reporting.py::test_excel_generation_conditional_formatting|run", "tests/test_ui_integration.py::test_app_integration_with_ui|run", "tests/test_visualization.py::test_generate_chart_success|run"], "42": ["tests/test_visualization.py::test_generate_chart_missing_columns|run"], "38": ["tests/test_visualization.py::test_generate_chart_empty_df|run"]}}, "": {"executed_lines": [4, 5, 6, 7, 10, 12, 14, 15, 16, 17, 18, 19, 21, 24], "summary": {"covered_lines": 14, "num_statements": 14, "percent_covered": 100.0, "percent_covered_display": "100", "missing_lines": 0, "excluded_lines": 0, "percent_statements_covered": 100.0, "percent_statements_covered_display": "100"}, "missing_lines": [], "excluded_lines": [], "start_line": 1, "contexts": {"1": [""], "4": [""], "5": [""], "6": [""], "7": [""], "10": [""], "12": [""], "13": [""], "14": [""], "15": [""], "16": [""], "17": [""], "18": [""], "19": [""], "21": [""], "22": [""], "24": [""], "37": ["tests/test_visualization.py::test_generate_chart_missing_columns|run", "tests/test_visualization.py::test_generate_chart_empty_df|run", "tests/test_reporting.py::test_excel_generation_conditional_formatting|run", "tests/test_visualization.py::test_generate_chart_success|run", "tests/test_ui_integration.py::test_app_integration_with_ui|run"], "41": ["tests/test_reporting.py::test_excel_generation_conditional_formatting|run", "tests/test_visualization.py::test_generate_chart_missing_columns|run", "tests/test_ui_integration.py::test_app_integration_with_ui|run", "tests/test_visualization.py::test_generate_chart_success|run"], "44": ["tests/test_reporting.py::test_excel_generation_conditional_formatting|run", "tests/test_ui_integration.py::test_app_integration_with_ui|run", "tests/test_visualization.py::test_generate_chart_success|run"], "47": ["tests/test_reporting.py::test_excel_generation_conditional_formatting|run", "tests/test_ui_integration.py::test_app_integration_with_ui|run", "tests/test_visualization.py::test_generate_chart_success|run"], "51": ["tests/test_reporting.py::test_excel_generation_conditional_formatting|run", "tests/test_ui_integration.py::test_app_integration_with_ui|run", "tests/test_visualization.py::test_generate_chart_success|run"], "53": ["tests/test_reporting.py::test_excel_generation_conditional_formatting|run", "tests/test_ui_integration.py::test_app_integration_with_ui|run", "tests/test_visualization.py::test_generate_chart_success|run"], "54": ["tests/test_reporting.py::test_excel_generation_conditional_formatting|run", "tests/test_ui_integration.py::test_app_integration_with_ui|run", "tests/test_visualization.py::test_generate_chart_success|run"], "55": ["tests/test_reporting.py::test_excel_generation_conditional_formatting|run", "tests/test_ui_integration.py::test_app_integration_with_ui|run", "tests/test_visualization.py::test_generate_chart_success|run"], "56": ["tests/test_reporting.py::test_excel_generation_conditional_formatting|run", "tests/test_ui_integration.py::test_app_integration_with_ui|run", "tests/test_visualization.py::test_generate_chart_success|run"], "59": ["tests/test_reporting.py::test_excel_generation_conditional_formatting|run", "tests/test_ui_integration.py::test_app_integration_with_ui|run", "tests/test_visualization.py::test_generate_chart_success|run"], "60": ["tests/test_reporting.py::test_excel_generation_conditional_formatting|run", "tests/test_ui_integration.py::test_app_integration_with_ui|run", "tests/test_visualization.py::test_generate_chart_success|run"], "61": ["tests/test_reporting.py::test_excel_generation_conditional_formatting|run", "tests/test_ui_integration.py::test_app_integration_with_ui|run", "tests/test_visualization.py::test_generate_chart_success|run"], "62": ["tests/test_reporting.py::test_excel_generation_conditional_formatting|run", "tests/test_ui_integration.py::test_app_integration_with_ui|run", "tests/test_visualization.py::test_generate_chart_success|run"], "64": ["tests/test_reporting.py::test_excel_generation_conditional_formatting|run", "tests/test_ui_integration.py::test_app_integration_with_ui|run", "tests/test_visualization.py::test_generate_chart_success|run"], "42": ["tests/test_visualization.py::test_generate_chart_missing_columns|run"], "38": ["tests/test_visualization.py::test_generate_chart_empty_df|run"]}}}, "classes": {"VisualizationConfig": {"executed_lines": [], "summary": {"covered_lines": 0, "num_statements": 0, "percent_covered": 100.0, "percent_covered_display": "100", "missing_lines": 0, "excluded_lines": 0, "percent_statements_covered": 100.0, "percent_statements_covered_display": "100"}, "missing_lines": [], "excluded_lines": [], "start_line": 12, "contexts": {"1": [""], "4": [""], "5": [""], "6": [""], "7": [""], "10": [""], "12": [""], "13": [""], "14": [""], "15": [""], "16": [""], "17": [""], "18": [""], "19": [""], "21": [""], "22": [""], "24": [""], "37": ["tests/test_visualization.py::test_generate_chart_missing_columns|run", "tests/test_visualization.py::test_generate_chart_empty_df|run", "tests/test_reporting.py::test_excel_generation_conditional_formatting|run", "tests/test_visualization.py::test_generate_chart_success|run", "tests/test_ui_integration.py::test_app_integration_with_ui|run"], "41": ["tests/test_reporting.py::test_excel_generation_conditional_formatting|run", "tests/test_visualization.py::test_generate_chart_missing_columns|run", "tests/test_ui_integration.py::test_app_integration_with_ui|run", "tests/test_visualization.py::test_generate_chart_success|run"], "44": ["tests/test_reporting.py::test_excel_generation_conditional_formatting|run", "tests/test_ui_integration.py::test_app_integration_with_ui|run", "tests/test_visualization.py::test_generate_chart_success|run"], "47": ["tests/test_reporting.py::test_excel_generation_conditional_formatting|run", "tests/test_ui_integration.py::test_app_integration_with_ui|run", "tests/test_visualization.py::test_generate_chart_success|run"], "51": ["tests/test_reporting.py::test_excel_generation_conditional_formatting|run", "tests/test_ui_integration.py::test_app_integration_with_ui|run", "tests/test_visualization.py::test_generate_chart_success|run"], "53": ["tests/test_reporting.py::test_excel_generation_conditional_formatting|run", "tests/test_ui_integration.py::test_app_integration_with_ui|run", "tests/test_visualization.py::test_generate_chart_success|run"], "54": ["tests/test_reporting.py::test_excel_generation_conditional_formatting|run", "tests/test_ui_integration.py::test_app_integration_with_ui|run", "tests/test_visualization.py::test_generate_chart_success|run"], "55": ["tests/test_reporting.py::test_excel_generation_conditional_formatting|run", "tests/test_ui_integration.py::test_app_integration_with_ui|run", "tests/test_visualization.py::test_generate_chart_success|run"], "56": ["tests/test_reporting.py::test_excel_generation_conditional_formatting|run", "tests/test_ui_integration.py::test_app_integration_with_ui|run", "tests/test_visualization.py::test_generate_chart_success|run"], "59": ["tests/test_reporting.py::test_excel_generation_conditional_formatting|run", "tests/test_ui_integration.py::test_app_integration_with_ui|run", "tests/test_visualization.py::test_generate_chart_success|run"], "60": ["tests/test_reporting.py::test_excel_generation_conditional_formatting|run", "tests/test_ui_integration.py::test_app_integration_with_ui|run", "tests/test_visualization.py::test_generate_chart_success|run"], "61": ["tests/test_reporting.py::test_excel_generation_conditional_formatting|run", "tests/test_ui_integration.py::test_app_integration_with_ui|run", "tests/test_visualization.py::test_generate_chart_success|run"], "62": ["tests/test_reporting.py::test_excel_generation_conditional_formatting|run", "tests/test_ui_integration.py::test_app_integration_with_ui|run", "tests/test_visualization.py::test_generate_chart_success|run"], "64": ["tests/test_reporting.py::test_excel_generation_conditional_formatting|run", "tests/test_ui_integration.py::test_app_integration_with_ui|run", "tests/test_visualization.py::test_generate_chart_success|run"], "42": ["tests/test_visualization.py::test_generate_chart_missing_columns|run"], "38": ["tests/test_visualization.py::test_generate_chart_empty_df|run"]}}, "MatplotlibVisualizer": {"executed_lines": [37, 38, 41, 42, 44, 47, 51, 53, 54, 55, 56, 59, 60, 61, 62, 64], "summary": {"covered_lines": 16, "num_statements": 16, "percent_covered": 100.0, "percent_covered_display": "100", "missing_lines": 0, "excluded_lines": 0, "percent_statements_covered": 100.0, "percent_statements_covered_display": "100"}, "missing_lines": [], "excluded_lines": [], "start_line": 21, "contexts": {"1": [""], "4": [""], "5": [""], "6": [""], "7": [""], "10": [""], "12": [""], "13": [""], "14": [""], "15": [""], "16": [""], "17": [""], "18": [""], "19": [""], "21": [""], "22": [""], "24": [""], "37": ["tests/test_visualization.py::test_generate_chart_missing_columns|run", "tests/test_visualization.py::test_generate_chart_empty_df|run", "tests/test_reporting.py::test_excel_generation_conditional_formatting|run", "tests/test_visualization.py::test_generate_chart_success|run", "tests/test_ui_integration.py::test_app_integration_with_ui|run"], "41": ["tests/test_reporting.py::test_excel_generation_conditional_formatting|run", "tests/test_visualization.py::test_generate_chart_missing_columns|run", "tests/test_ui_integration.py::test_app_integration_with_ui|run", "tests/test_visualization.py::test_generate_chart_success|run"], "44": ["tests/test_reporting.py::test_excel_generation_conditional_formatting|run", "tests/test_ui_integration.py::test_app_integration_with_ui|run", "tests/test_visualization.py::test_generate_chart_success|run"], "47": ["tests/test_reporting.py::test_excel_generation_conditional_formatting|run", "tests/test_ui_integration.py::test_app_integration_with_ui|run", "tests/test_visualization.py::test_generate_chart_success|run"], "51": ["tests/test_reporting.py::test_excel_generation_conditional_formatting|run", "tests/test_ui_integration.py::test_app_integration_with_ui|run", "tests/test_visualization.py::test_generate_chart_success|run"], "53": ["tests/test_reporting.py::test_excel_generation_conditional_formatting|run", "tests/test_ui_integration.py::test_app_integration_with_ui|run", "tests/test_visualization.py::test_generate_chart_success|run"], "54": ["tests/test_reporting.py::test_excel_generation_conditional_formatting|run", "tests/test_ui_integration.py::test_app_integration_with_ui|run", "tests/test_visualization.py::test_generate_chart_success|run"], "55": ["tests/test_reporting.py::test_excel_generation_conditional_formatting|run", "tests/test_ui_integration.py::test_app_integration_with_ui|run", "tests/test_visualization.py::test_generate_chart_success|run"], "56": ["tests/test_reporting.py::test_excel_generation_conditional_formatting|run", "tests/test_ui_integration.py::test_app_integration_with_ui|run", "tests/test_visualization.py::test_generate_chart_success|run"], "59": ["tests/test_reporting.py::test_excel_generation_conditional_formatting|run", "tests/test_ui_integration.py::test_app_integration_with_ui|run", "tests/test_visualization.py::test_generate_chart_success|run"], "60": ["tests/test_reporting.py::test_excel_generation_conditional_formatting|run", "tests/test_ui_integration.py::test_app_integration_with_ui|run", "tests/test_visualization.py::test_generate_chart_success|run"], "61": ["tests/test_reporting.py::test_excel_generation_conditional_formatting|run", "tests/test_ui_integration.py::test_app_integration_with_ui|run", "tests/test_visualization.py::test_generate_chart_success|run"], "62": ["tests/test_reporting.py::test_excel_generation_conditional_formatting|run", "tests/test_ui_integration.py::test_app_integration_with_ui|run", "tests/test_visualization.py::test_generate_chart_success|run"], "64": ["tests/test_reporting.py::test_excel_generation_conditional_formatting|run", "tests/test_ui_integration.py::test_app_integration_with_ui|run", "tests/test_visualization.py::test_generate_chart_success|run"], "42": ["tests/test_visualization.py::test_generate_chart_missing_columns|run"], "38": ["tests/test_visualization.py::test_generate_chart_empty_df|run"]}}, "": {"executed_lines": [4, 5, 6, 7, 10, 12, 14, 15, 16, 17, 18, 19, 21, 24], "summary": {"covered_lines": 14, "num_statements": 14, "percent_covered": 100.0, "percent_covered_display": "100", "missing_lines": 0, "excluded_lines": 0, "percent_statements_covered": 100.0, "percent_statements_covered_display": "100"}, "missing_lines": [], "excluded_lines": [], "start_line": 1, "contexts": {"1": [""], "4": [""], "5": [""], "6": [""], "7": [""], "10": [""], "12": [""], "13": [""], "14": [""], "15": [""], "16": [""], "17": [""], "18": [""], "19": [""], "21": [""], "22": [""], "24": [""], "37": ["tests/test_visualization.py::test_generate_chart_missing_columns|run", "tests/test_visualization.py::test_generate_chart_empty_df|run", "tests/test_reporting.py::test_excel_generation_conditional_formatting|run", "tests/test_visualization.py::test_generate_chart_success|run", "tests/test_ui_integration.py::test_app_integration_with_ui|run"], "41": ["tests/test_reporting.py::test_excel_generation_conditional_formatting|run", "tests/test_visualization.py::test_generate_chart_missing_columns|run", "tests/test_ui_integration.py::test_app_integration_with_ui|run", "tests/test_visualization.py::test_generate_chart_success|run"], "44": ["tests/test_reporting.py::test_excel_generation_conditional_formatting|run", "tests/test_ui_integration.py::test_app_integration_with_ui|run", "tests/test_visualization.py::test_generate_chart_success|run"], "47": ["tests/test_reporting.py::test_excel_generation_conditional_formatting|run", "tests/test_ui_integration.py::test_app_integration_with_ui|run", "tests/test_visualization.py::test_generate_chart_success|run"], "51": ["tests/test_reporting.py::test_excel_generation_conditional_formatting|run", "tests/test_ui_integration.py::test_app_integration_with_ui|run", "tests/test_visualization.py::test_generate_chart_success|run"], "53": ["tests/test_reporting.py::test_excel_generation_conditional_formatting|run", "tests/test_ui_integration.py::test_app_integration_with_ui|run", "tests/test_visualization.py::test_generate_chart_success|run"], "54": ["tests/test_reporting.py::test_excel_generation_conditional_formatting|run", "tests/test_ui_integration.py::test_app_integration_with_ui|run", "tests/test_visualization.py::test_generate_chart_success|run"], "55": ["tests/test_reporting.py::test_excel_generation_conditional_formatting|run", "tests/test_ui_integration.py::test_app_integration_with_ui|run", "tests/test_visualization.py::test_generate_chart_success|run"], "56": ["tests/test_reporting.py::test_excel_generation_conditional_formatting|run", "tests/test_ui_integration.py::test_app_integration_with_ui|run", "tests/test_visualization.py::test_generate_chart_success|run"], "59": ["tests/test_reporting.py::test_excel_generation_conditional_formatting|run", "tests/test_ui_integration.py::test_app_integration_with_ui|run", "tests/test_visualization.py::test_generate_chart_success|run"], "60": ["tests/test_reporting.py::test_excel_generation_conditional_formatting|run", "tests/test_ui_integration.py::test_app_integration_with_ui|run", "tests/test_visualization.py::test_generate_chart_success|run"], "61": ["tests/test_reporting.py::test_excel_generation_conditional_formatting|run", "tests/test_ui_integration.py::test_app_integration_with_ui|run", "tests/test_visualization.py::test_generate_chart_success|run"], "62": ["tests/test_reporting.py::test_excel_generation_conditional_formatting|run", "tests/test_ui_integration.py::test_app_integration_with_ui|run", "tests/test_visualization.py::test_generate_chart_success|run"], "64": ["tests/test_reporting.py::test_excel_generation_conditional_formatting|run", "tests/test_ui_integration.py::test_app_integration_with_ui|run", "tests/test_visualization.py::test_generate_chart_success|run"], "42": ["tests/test_visualization.py::test_generate_chart_missing_columns|run"], "38": ["tests/test_visualization.py::test_generate_chart_empty_df|run"]}}}}}, "totals": {"covered_lines": 365, "num_statements": 443, "percent_covered": 82.39277652370203, "percent_covered_display": "82", "missing_lines": 78, "excluded_lines": 27, "percent_statements_covered": 82.39277652370203, "percent_statements_covered_display": "82"}}