============================= test session starts ==============================
platform linux -- Python 3.12.12, pytest-9.0.2, pluggy-1.6.0
rootdir: /app
collected 21 items / 1 error

==================================== ERRORS ====================================
______________ ERROR collecting tests/test_security_validation.py ______________
ImportError while importing test module '/app/tests/test_security_validation.py'.
Hint: make sure your test modules/packages have valid Python names.
Traceback:
/home/jules/.pyenv/versions/3.12.12/lib/python3.12/importlib/__init__.py:90: in import_module
    return _bootstrap._gcd_import(name[level:], package, level)
           ^^^^^^^^^^^^^^^^^^^^^^^^^^^^^^^^^^^^^^^^^^^^^^^^^^^^
tests/test_security_validation.py:3: in <module>
    from src.core.app import VideoAnalysisInput, GeminiThinkingAgent
E   ImportError: cannot import name 'VideoAnalysisInput' from 'src.core.app' (/app/src/core/app.py)
=========================== short test summary info ============================
ERROR tests/test_security_validation.py
!!!!!!!!!!!!!!!!!!!! Interrupted: 1 error during collection !!!!!!!!!!!!!!!!!!!!
=============================== 1 error in 1.81s ===============================
