============================= test session starts ==============================
platform linux -- Python 3.12.12, pytest-9.0.2, pluggy-1.6.0
rootdir: /app
collected 22 items

tests/test_charting.py .                                                 [  4%]
tests/test_config.py ...                                                 [ 18%]
tests/test_core.py ......                                                [ 45%]
tests/test_formatting.py ....                                            [ 63%]
tests/test_security_validation.py .......                                [ 95%]
tests/test_ui_integration.py .                                           [100%]

============================== 22 passed in 0.94s ==============================
